Reading timing models for corner nom_tt_025C_1v80…
Reading timing library for the 'nom_tt_025C_1v80' corner at '/home/kelvin/.ciel/ciel/sky130/versions/0fe599b2afb6708d281543108caf8310912f54af/sky130A/libs.ref/sky130_fd_sc_hd/lib/sky130_fd_sc_hd__tt_025C_1v80.lib'…
Reading timing models for corner nom_ff_n40C_1v95…
Reading timing library for the 'nom_ff_n40C_1v95' corner at '/home/kelvin/.ciel/ciel/sky130/versions/0fe599b2afb6708d281543108caf8310912f54af/sky130A/libs.ref/sky130_fd_sc_hd/lib/sky130_fd_sc_hd__ff_n40C_1v95.lib'…
Reading timing models for corner nom_ss_100C_1v60…
Reading timing library for the 'nom_ss_100C_1v60' corner at '/home/kelvin/.ciel/ciel/sky130/versions/0fe599b2afb6708d281543108caf8310912f54af/sky130A/libs.ref/sky130_fd_sc_hd/lib/sky130_fd_sc_hd__ss_100C_1v60.lib'…
Reading OpenROAD database at '/home/kelvin/FABulous_fork.worktrees/gds-flow/demo/Tile/LUT4AB/macro/runs/RUN_2025-09-18_23-54-43/26-openroad-globalplacement/LUT4AB.odb'…
Reading design constraints file at '/nix/store/381vlqh72qv21j2s2ssfql1j0vg3f44v-FABulous-env/lib/python3.12/site-packages/librelane/scripts/base.sdc'…
[WARNING STA-0366] port '__VIRTUAL_CLK__' not found.
[INFO] Using clock __VIRTUAL_CLK__…
[INFO] Setting output delay to: 2
[INFO] Setting input delay to: 2
[WARNING STA-0366] port '__VIRTUAL_CLK__' not found.
[INFO] Setting load to: 0.033442
[INFO] Setting clock uncertainty to: 0.25
[INFO] Setting clock transition to: 0.1499999999999999944488848768742172978818416595458984375
[WARNING STA-0419] transition time can not be specified for virtual clocks.
[INFO] Setting timing derate to: 5%
[WARNING STA-0450] virtual clock __VIRTUAL_CLK__ can not be propagated.
[INFO] Setting RC values…
[INFO RSZ-0027] Inserted 162 input buffers.
[INFO RSZ-0028] Inserted 254 output buffers.
[INFO RSZ-0058] Using max wire length 6335um.
Iteration | Resized | Buffers | Nets repaired | Remaining
---------------------------------------------------------
        0 |       0 |       0 |             0 |      2333
      100 |      86 |       0 |             0 |      2233
      200 |     153 |       1 |             1 |      2133
      300 |     219 |       1 |             1 |      2033
      400 |     289 |       2 |             2 |      1933
      500 |     372 |       9 |             4 |      1833
      600 |     453 |      14 |             5 |      1733
      700 |     545 |      38 |            10 |      1633
      800 |     621 |      43 |            11 |      1533
      900 |     682 |      44 |            12 |      1433
     1000 |     742 |      44 |            12 |      1333
     1100 |     842 |      44 |            12 |      1233
     1200 |     942 |      44 |            12 |      1133
     1300 |    1042 |      44 |            12 |      1033
     1400 |    1044 |      44 |            12 |       933
     1500 |    1044 |      44 |            12 |       833
     1600 |    1044 |      44 |            12 |       733
     1700 |    1044 |      44 |            12 |       633
     1800 |    1044 |      44 |            12 |       533
     1900 |    1044 |      44 |            12 |       433
     2000 |    1270 |     198 |            66 |       333
     2100 |    1351 |     202 |            70 |       233
     2200 |    1351 |     202 |            70 |       133
     2300 |    1351 |     202 |            70 |        33
    final |    1351 |     202 |            70 |         0
---------------------------------------------------------
[INFO RSZ-0035] Found 70 fanout violations.
[INFO RSZ-0038] Inserted 202 buffers in 70 nets.
[INFO RSZ-0039] Resized 1351 instances.
Placement Analysis
---------------------------------
total displacement       5612.3 u
average displacement        0.9 u
max displacement           11.6 u
original HPWL          153366.8 u
legalized HPWL         156962.9 u
delta HPWL                    2 %

[INFO DPL-0020] Mirrored 786 instances
[INFO DPL-0021] HPWL before          156962.9 u
[INFO DPL-0022] HPWL after           155012.1 u
[INFO DPL-0023] HPWL delta               -1.2 %
[INFO] Setting RC values…
Setting global connections for newly added cells…
[INFO] Setting global connections...
Updating metrics…
Cell type report:                       Count       Area
  Fill cell                               358    1343.79
  Tap cell                               3348    4189.02
  Buffer                                  253     973.43
  Timing Repair Buffer                    618    3883.72
  Inverter                                 61     228.97
  Sequential cell                         624    9409.02
  Multi-Input combinational cell          725   11317.10
  Total                                  5987   31345.06
Writing OpenROAD database to '/home/kelvin/FABulous_fork.worktrees/gds-flow/demo/Tile/LUT4AB/macro/runs/RUN_2025-09-18_23-54-43/29-openroad-repairdesignpostgpl/LUT4AB.odb'…
Writing netlist to '/home/kelvin/FABulous_fork.worktrees/gds-flow/demo/Tile/LUT4AB/macro/runs/RUN_2025-09-18_23-54-43/29-openroad-repairdesignpostgpl/LUT4AB.nl.v'…
Writing powered netlist to '/home/kelvin/FABulous_fork.worktrees/gds-flow/demo/Tile/LUT4AB/macro/runs/RUN_2025-09-18_23-54-43/29-openroad-repairdesignpostgpl/LUT4AB.pnl.v'…
Writing layout to '/home/kelvin/FABulous_fork.worktrees/gds-flow/demo/Tile/LUT4AB/macro/runs/RUN_2025-09-18_23-54-43/29-openroad-repairdesignpostgpl/LUT4AB.def'…
Writing timing constraints to '/home/kelvin/FABulous_fork.worktrees/gds-flow/demo/Tile/LUT4AB/macro/runs/RUN_2025-09-18_23-54-43/29-openroad-repairdesignpostgpl/LUT4AB.sdc'…
