26 Lint warnings found.
'PNR_SDC_FILE' is not defined. Using generic fallback SDC for OpenROAD PnR steps.
'SIGNOFF_SDC_FILE' is not defined. Using generic fallback SDC for OpenROAD PnR steps.
[STA-0366] port '__VIRTUAL_CLK__' not found.
[STA-0366] port '__VIRTUAL_CLK__' not found.
[STA-0419] transition time can not be specified for virtual clocks.
[STA-0450] virtual clock __VIRTUAL_CLK__ can not be propagated.
[IFP-0028] Core area lower left (5.000, 5.000) snapped to (5.060, 5.440).
[STA-0366] port '__VIRTUAL_CLK__' not found.
[STA-0366] port '__VIRTUAL_CLK__' not found.
[STA-0419] transition time can not be specified for virtual clocks.
[STA-0450] virtual clock __VIRTUAL_CLK__ can not be propagated.
[STA-0366] port '__VIRTUAL_CLK__' not found.
[STA-0366] port '__VIRTUAL_CLK__' not found.
[STA-0419] transition time can not be specified for virtual clocks.
[STA-0450] virtual clock __VIRTUAL_CLK__ can not be propagated.
[STA-0366] port '__VIRTUAL_CLK__' not found.
[STA-0366] port '__VIRTUAL_CLK__' not found.
[STA-0419] transition time can not be specified for virtual clocks.
[STA-0450] virtual clock __VIRTUAL_CLK__ can not be propagated.
[STA-0366] port '__VIRTUAL_CLK__' not found.
[STA-0366] port '__VIRTUAL_CLK__' not found.
[STA-0419] transition time can not be specified for virtual clocks.
[STA-0450] virtual clock __VIRTUAL_CLK__ can not be propagated.
[STA-0366] port '__VIRTUAL_CLK__' not found.
[STA-0366] port '__VIRTUAL_CLK__' not found.
[STA-0419] transition time can not be specified for virtual clocks.
[STA-0450] virtual clock __VIRTUAL_CLK__ can not be propagated.
The configuration variable 'FP_PIN_ORDER_CFG' is deprecated. Please check the docs for the usage on the replacement variable 'IO_PIN_ORDER_CFG'.
[STA-0366] port '__VIRTUAL_CLK__' not found.
[STA-0366] port '__VIRTUAL_CLK__' not found.
[STA-0419] transition time can not be specified for virtual clocks.
[STA-0450] virtual clock __VIRTUAL_CLK__ can not be propagated.
[STA-0366] port '__VIRTUAL_CLK__' not found.
[STA-0366] port '__VIRTUAL_CLK__' not found.
[STA-0419] transition time can not be specified for virtual clocks.
[STA-0450] virtual clock __VIRTUAL_CLK__ can not be propagated.
[STA-0366] port '__VIRTUAL_CLK__' not found.
[STA-0366] port '__VIRTUAL_CLK__' not found.
[STA-0419] transition time can not be specified for virtual clocks.
[STA-0450] virtual clock __VIRTUAL_CLK__ can not be propagated.
No CLOCK_NET (or CLOCK_PORT) specified. CTS cannot be performed. Returning state unaltered…
[STA-0366] port '__VIRTUAL_CLK__' not found.
[STA-0366] port '__VIRTUAL_CLK__' not found.
[STA-0419] transition time can not be specified for virtual clocks.
[STA-0450] virtual clock __VIRTUAL_CLK__ can not be propagated.
[GRT-0097] No global routing found for nets.
[STA-0366] port '__VIRTUAL_CLK__' not found.
[STA-0366] port '__VIRTUAL_CLK__' not found.
[STA-0419] transition time can not be specified for virtual clocks.
[STA-0450] virtual clock __VIRTUAL_CLK__ can not be propagated.
[STA-0450] virtual clock __VIRTUAL_CLK__ can not be propagated.
[RSZ-0062] Unable to repair all setup violations.
[STA-0366] port '__VIRTUAL_CLK__' not found.
[STA-0366] port '__VIRTUAL_CLK__' not found.
[STA-0419] transition time can not be specified for virtual clocks.
[STA-0450] virtual clock __VIRTUAL_CLK__ can not be propagated.
[GRT-0097] No global routing found for nets.
[STA-0366] port '__VIRTUAL_CLK__' not found.
[STA-0366] port '__VIRTUAL_CLK__' not found.
[STA-0419] transition time can not be specified for virtual clocks.
[STA-0450] virtual clock __VIRTUAL_CLK__ can not be propagated.
[STA-0450] virtual clock __VIRTUAL_CLK__ can not be propagated.
[GRT-0036] Pin Ci is outside die area.
[GRT-0036] Pin Co is outside die area.
[GRT-0036] Pin E1BEG[0] is outside die area.
[GRT-0036] Pin E1BEG[1] is outside die area.
[GRT-0036] Pin E1BEG[2] is outside die area.
[GRT-0036] Pin E1BEG[3] is outside die area.
[GRT-0036] Pin E1END[0] is outside die area.
[GRT-0036] Pin E1END[1] is outside die area.
[GRT-0036] Pin E1END[2] is outside die area.
[GRT-0036] Pin E1END[3] is outside die area.
[GRT-0036] Pin E2BEG[0] is outside die area.
[GRT-0036] Pin E2BEG[1] is outside die area.
[GRT-0036] Pin E2BEG[2] is outside die area.
[GRT-0036] Pin E2BEG[3] is outside die area.
[GRT-0036] Pin E2BEG[4] is outside die area.
[GRT-0036] Pin E2BEG[5] is outside die area.
[GRT-0036] Pin E2BEG[6] is outside die area.
[GRT-0036] Pin E2BEG[7] is outside die area.
[GRT-0036] Pin E2BEGb[0] is outside die area.
[GRT-0036] Pin E2BEGb[1] is outside die area.
[GRT-0036] Pin E2BEGb[2] is outside die area.
[GRT-0036] Pin E2BEGb[3] is outside die area.
[GRT-0036] Pin E2BEGb[4] is outside die area.
[GRT-0036] Pin E2BEGb[5] is outside die area.
[GRT-0036] Pin E2BEGb[6] is outside die area.
[GRT-0036] Pin E2BEGb[7] is outside die area.
[GRT-0036] Pin E2END[0] is outside die area.
[GRT-0036] Pin E2END[1] is outside die area.
[GRT-0036] Pin E2END[2] is outside die area.
[GRT-0036] Pin E2END[3] is outside die area.
[GRT-0036] Pin E2END[4] is outside die area.
[GRT-0036] Pin E2END[5] is outside die area.
[GRT-0036] Pin E2END[6] is outside die area.
[GRT-0036] Pin E2END[7] is outside die area.
[GRT-0036] Pin E2MID[0] is outside die area.
[GRT-0036] Pin E2MID[1] is outside die area.
[GRT-0036] Pin E2MID[2] is outside die area.
[GRT-0036] Pin E2MID[3] is outside die area.
[GRT-0036] Pin E2MID[4] is outside die area.
[GRT-0036] Pin E2MID[5] is outside die area.
[GRT-0036] Pin E2MID[6] is outside die area.
[GRT-0036] Pin E2MID[7] is outside die area.
[GRT-0036] Pin E6BEG[0] is outside die area.
[GRT-0036] Pin E6BEG[10] is outside die area.
[GRT-0036] Pin E6BEG[11] is outside die area.
[GRT-0036] Pin E6BEG[1] is outside die area.
[GRT-0036] Pin E6BEG[2] is outside die area.
[GRT-0036] Pin E6BEG[3] is outside die area.
[GRT-0036] Pin E6BEG[4] is outside die area.
[GRT-0036] Pin E6BEG[5] is outside die area.
[GRT-0036] Pin E6BEG[6] is outside die area.
[GRT-0036] Pin E6BEG[7] is outside die area.
[GRT-0036] Pin E6BEG[8] is outside die area.
[GRT-0036] Pin E6BEG[9] is outside die area.
[GRT-0036] Pin E6END[0] is outside die area.
[GRT-0036] Pin E6END[10] is outside die area.
[GRT-0036] Pin E6END[11] is outside die area.
[GRT-0036] Pin E6END[1] is outside die area.
[GRT-0036] Pin E6END[2] is outside die area.
[GRT-0036] Pin E6END[3] is outside die area.
[GRT-0036] Pin E6END[4] is outside die area.
[GRT-0036] Pin E6END[5] is outside die area.
[GRT-0036] Pin E6END[6] is outside die area.
[GRT-0036] Pin E6END[7] is outside die area.
[GRT-0036] Pin E6END[8] is outside die area.
[GRT-0036] Pin E6END[9] is outside die area.
[GRT-0036] Pin EE4BEG[0] is outside die area.
[GRT-0036] Pin EE4BEG[10] is outside die area.
[GRT-0036] Pin EE4BEG[11] is outside die area.
[GRT-0036] Pin EE4BEG[12] is outside die area.
[GRT-0036] Pin EE4BEG[13] is outside die area.
[GRT-0036] Pin EE4BEG[14] is outside die area.
[GRT-0036] Pin EE4BEG[15] is outside die area.
[GRT-0036] Pin EE4BEG[1] is outside die area.
[GRT-0036] Pin EE4BEG[2] is outside die area.
[GRT-0036] Pin EE4BEG[3] is outside die area.
[GRT-0036] Pin EE4BEG[4] is outside die area.
[GRT-0036] Pin EE4BEG[5] is outside die area.
[GRT-0036] Pin EE4BEG[6] is outside die area.
[GRT-0036] Pin EE4BEG[7] is outside die area.
[GRT-0036] Pin EE4BEG[8] is outside die area.
[GRT-0036] Pin EE4BEG[9] is outside die area.
[GRT-0036] Pin EE4END[0] is outside die area.
[GRT-0036] Pin EE4END[10] is outside die area.
[GRT-0036] Pin EE4END[11] is outside die area.
[GRT-0036] Pin EE4END[12] is outside die area.
[GRT-0036] Pin EE4END[13] is outside die area.
[GRT-0036] Pin EE4END[14] is outside die area.
[GRT-0036] Pin EE4END[15] is outside die area.
[GRT-0036] Pin EE4END[1] is outside die area.
[GRT-0036] Pin EE4END[2] is outside die area.
[GRT-0036] Pin EE4END[3] is outside die area.
[GRT-0036] Pin EE4END[4] is outside die area.
[GRT-0036] Pin EE4END[5] is outside die area.
[GRT-0036] Pin EE4END[6] is outside die area.
[GRT-0036] Pin EE4END[7] is outside die area.
[GRT-0036] Pin EE4END[8] is outside die area.
[GRT-0036] Pin EE4END[9] is outside die area.
[GRT-0036] Pin FrameData[0] is outside die area.
[GRT-0036] Pin FrameData[10] is outside die area.
[GRT-0036] Pin FrameData[11] is outside die area.
[GRT-0036] Pin FrameData[12] is outside die area.
[GRT-0036] Pin FrameData[13] is outside die area.
[GRT-0036] Pin FrameData[14] is outside die area.
[GRT-0036] Pin FrameData[15] is outside die area.
[GRT-0036] Pin FrameData[16] is outside die area.
[GRT-0036] Pin FrameData[17] is outside die area.
[GRT-0036] Pin FrameData[18] is outside die area.
[GRT-0036] Pin FrameData[19] is outside die area.
[GRT-0036] Pin FrameData[1] is outside die area.
[GRT-0036] Pin FrameData[20] is outside die area.
[GRT-0036] Pin FrameData[21] is outside die area.
[GRT-0036] Pin FrameData[22] is outside die area.
[GRT-0036] Pin FrameData[23] is outside die area.
[GRT-0036] Pin FrameData[24] is outside die area.
[GRT-0036] Pin FrameData[25] is outside die area.
[GRT-0036] Pin FrameData[26] is outside die area.
[GRT-0036] Pin FrameData[27] is outside die area.
[GRT-0036] Pin FrameData[28] is outside die area.
[GRT-0036] Pin FrameData[29] is outside die area.
[GRT-0036] Pin FrameData[2] is outside die area.
[GRT-0036] Pin FrameData[30] is outside die area.
[GRT-0036] Pin FrameData[31] is outside die area.
[GRT-0036] Pin FrameData[3] is outside die area.
[GRT-0036] Pin FrameData[4] is outside die area.
[GRT-0036] Pin FrameData[5] is outside die area.
[GRT-0036] Pin FrameData[6] is outside die area.
[GRT-0036] Pin FrameData[7] is outside die area.
[GRT-0036] Pin FrameData[8] is outside die area.
[GRT-0036] Pin FrameData[9] is outside die area.
[GRT-0036] Pin FrameData_O[0] is outside die area.
[GRT-0036] Pin FrameData_O[10] is outside die area.
[GRT-0036] Pin FrameData_O[11] is outside die area.
[GRT-0036] Pin FrameData_O[12] is outside die area.
[GRT-0036] Pin FrameData_O[13] is outside die area.
[GRT-0036] Pin FrameData_O[14] is outside die area.
[GRT-0036] Pin FrameData_O[15] is outside die area.
[GRT-0036] Pin FrameData_O[16] is outside die area.
[GRT-0036] Pin FrameData_O[17] is outside die area.
[GRT-0036] Pin FrameData_O[18] is outside die area.
[GRT-0036] Pin FrameData_O[19] is outside die area.
[GRT-0036] Pin FrameData_O[1] is outside die area.
[GRT-0036] Pin FrameData_O[20] is outside die area.
[GRT-0036] Pin FrameData_O[21] is outside die area.
[GRT-0036] Pin FrameData_O[22] is outside die area.
[GRT-0036] Pin FrameData_O[23] is outside die area.
[GRT-0036] Pin FrameData_O[24] is outside die area.
[GRT-0036] Pin FrameData_O[25] is outside die area.
[GRT-0036] Pin FrameData_O[26] is outside die area.
[GRT-0036] Pin FrameData_O[27] is outside die area.
[GRT-0036] Pin FrameData_O[28] is outside die area.
[GRT-0036] Pin FrameData_O[29] is outside die area.
[GRT-0036] Pin FrameData_O[2] is outside die area.
[GRT-0036] Pin FrameData_O[30] is outside die area.
[GRT-0036] Pin FrameData_O[31] is outside die area.
[GRT-0036] Pin FrameData_O[3] is outside die area.
[GRT-0036] Pin FrameData_O[4] is outside die area.
[GRT-0036] Pin FrameData_O[5] is outside die area.
[GRT-0036] Pin FrameData_O[6] is outside die area.
[GRT-0036] Pin FrameData_O[7] is outside die area.
[GRT-0036] Pin FrameData_O[8] is outside die area.
[GRT-0036] Pin FrameData_O[9] is outside die area.
[GRT-0036] Pin FrameStrobe[0] is outside die area.
[GRT-0036] Pin FrameStrobe[10] is outside die area.
[GRT-0036] Pin FrameStrobe[11] is outside die area.
[GRT-0036] Pin FrameStrobe[12] is outside die area.
[GRT-0036] Pin FrameStrobe[13] is outside die area.
[GRT-0036] Pin FrameStrobe[14] is outside die area.
[GRT-0036] Pin FrameStrobe[15] is outside die area.
[GRT-0036] Pin FrameStrobe[16] is outside die area.
[GRT-0036] Pin FrameStrobe[17] is outside die area.
[GRT-0036] Pin FrameStrobe[18] is outside die area.
[GRT-0036] Pin FrameStrobe[19] is outside die area.
[GRT-0036] Pin FrameStrobe[1] is outside die area.
[GRT-0036] Pin FrameStrobe[2] is outside die area.
[GRT-0036] Pin FrameStrobe[3] is outside die area.
[GRT-0036] Pin FrameStrobe[4] is outside die area.
[GRT-0036] Pin FrameStrobe[5] is outside die area.
[GRT-0036] Pin FrameStrobe[6] is outside die area.
[GRT-0036] Pin FrameStrobe[7] is outside die area.
[GRT-0036] Pin FrameStrobe[8] is outside die area.
[GRT-0036] Pin FrameStrobe[9] is outside die area.
[GRT-0036] Pin FrameStrobe_O[0] is outside die area.
[GRT-0036] Pin FrameStrobe_O[10] is outside die area.
[GRT-0036] Pin FrameStrobe_O[11] is outside die area.
[GRT-0036] Pin FrameStrobe_O[12] is outside die area.
[GRT-0036] Pin FrameStrobe_O[13] is outside die area.
[GRT-0036] Pin FrameStrobe_O[14] is outside die area.
[GRT-0036] Pin FrameStrobe_O[15] is outside die area.
[GRT-0036] Pin FrameStrobe_O[16] is outside die area.
[GRT-0036] Pin FrameStrobe_O[17] is outside die area.
[GRT-0036] Pin FrameStrobe_O[18] is outside die area.
[GRT-0036] Pin FrameStrobe_O[19] is outside die area.
[GRT-0036] Pin FrameStrobe_O[1] is outside die area.
[GRT-0036] Pin FrameStrobe_O[2] is outside die area.
[GRT-0036] Pin FrameStrobe_O[3] is outside die area.
[GRT-0036] Pin FrameStrobe_O[4] is outside die area.
[GRT-0036] Pin FrameStrobe_O[5] is outside die area.
[GRT-0036] Pin FrameStrobe_O[6] is outside die area.
[GRT-0036] Pin FrameStrobe_O[7] is outside die area.
[GRT-0036] Pin FrameStrobe_O[8] is outside die area.
[GRT-0036] Pin FrameStrobe_O[9] is outside die area.
[GRT-0036] Pin N1BEG[0] is outside die area.
[GRT-0036] Pin N1BEG[1] is outside die area.
[GRT-0036] Pin N1BEG[2] is outside die area.
[GRT-0036] Pin N1BEG[3] is outside die area.
[GRT-0036] Pin N1END[0] is outside die area.
[GRT-0036] Pin N1END[1] is outside die area.
[GRT-0036] Pin N1END[2] is outside die area.
[GRT-0036] Pin N1END[3] is outside die area.
[GRT-0036] Pin N2BEG[0] is outside die area.
[GRT-0036] Pin N2BEG[1] is outside die area.
[GRT-0036] Pin N2BEG[2] is outside die area.
[GRT-0036] Pin N2BEG[3] is outside die area.
[GRT-0036] Pin N2BEG[4] is outside die area.
[GRT-0036] Pin N2BEG[5] is outside die area.
[GRT-0036] Pin N2BEG[6] is outside die area.
[GRT-0036] Pin N2BEG[7] is outside die area.
[GRT-0036] Pin N2BEGb[0] is outside die area.
[GRT-0036] Pin N2BEGb[1] is outside die area.
[GRT-0036] Pin N2BEGb[2] is outside die area.
[GRT-0036] Pin N2BEGb[3] is outside die area.
[GRT-0036] Pin N2BEGb[4] is outside die area.
[GRT-0036] Pin N2BEGb[5] is outside die area.
[GRT-0036] Pin N2BEGb[6] is outside die area.
[GRT-0036] Pin N2BEGb[7] is outside die area.
[GRT-0036] Pin N2END[0] is outside die area.
[GRT-0036] Pin N2END[1] is outside die area.
[GRT-0036] Pin N2END[2] is outside die area.
[GRT-0036] Pin N2END[3] is outside die area.
[GRT-0036] Pin N2END[4] is outside die area.
[GRT-0036] Pin N2END[5] is outside die area.
[GRT-0036] Pin N2END[6] is outside die area.
[GRT-0036] Pin N2END[7] is outside die area.
[GRT-0036] Pin N2MID[0] is outside die area.
[GRT-0036] Pin N2MID[1] is outside die area.
[GRT-0036] Pin N2MID[2] is outside die area.
[GRT-0036] Pin N2MID[3] is outside die area.
[GRT-0036] Pin N2MID[4] is outside die area.
[GRT-0036] Pin N2MID[5] is outside die area.
[GRT-0036] Pin N2MID[6] is outside die area.
[GRT-0036] Pin N2MID[7] is outside die area.
[GRT-0036] Pin N4BEG[0] is outside die area.
[GRT-0036] Pin N4BEG[10] is outside die area.
[GRT-0036] Pin N4BEG[11] is outside die area.
[GRT-0036] Pin N4BEG[12] is outside die area.
[GRT-0036] Pin N4BEG[13] is outside die area.
[GRT-0036] Pin N4BEG[14] is outside die area.
[GRT-0036] Pin N4BEG[15] is outside die area.
[GRT-0036] Pin N4BEG[1] is outside die area.
[GRT-0036] Pin N4BEG[2] is outside die area.
[GRT-0036] Pin N4BEG[3] is outside die area.
[GRT-0036] Pin N4BEG[4] is outside die area.
[GRT-0036] Pin N4BEG[5] is outside die area.
[GRT-0036] Pin N4BEG[6] is outside die area.
[GRT-0036] Pin N4BEG[7] is outside die area.
[GRT-0036] Pin N4BEG[8] is outside die area.
[GRT-0036] Pin N4BEG[9] is outside die area.
[GRT-0036] Pin N4END[0] is outside die area.
[GRT-0036] Pin N4END[10] is outside die area.
[GRT-0036] Pin N4END[11] is outside die area.
[GRT-0036] Pin N4END[12] is outside die area.
[GRT-0036] Pin N4END[13] is outside die area.
[GRT-0036] Pin N4END[14] is outside die area.
[GRT-0036] Pin N4END[15] is outside die area.
[GRT-0036] Pin N4END[1] is outside die area.
[GRT-0036] Pin N4END[2] is outside die area.
[GRT-0036] Pin N4END[3] is outside die area.
[GRT-0036] Pin N4END[4] is outside die area.
[GRT-0036] Pin N4END[5] is outside die area.
[GRT-0036] Pin N4END[6] is outside die area.
[GRT-0036] Pin N4END[7] is outside die area.
[GRT-0036] Pin N4END[8] is outside die area.
[GRT-0036] Pin N4END[9] is outside die area.
[GRT-0036] Pin NN4BEG[0] is outside die area.
[GRT-0036] Pin NN4BEG[10] is outside die area.
[GRT-0036] Pin NN4BEG[11] is outside die area.
[GRT-0036] Pin NN4BEG[12] is outside die area.
[GRT-0036] Pin NN4BEG[13] is outside die area.
[GRT-0036] Pin NN4BEG[14] is outside die area.
[GRT-0036] Pin NN4BEG[15] is outside die area.
[GRT-0036] Pin NN4BEG[1] is outside die area.
[GRT-0036] Pin NN4BEG[2] is outside die area.
[GRT-0036] Pin NN4BEG[3] is outside die area.
[GRT-0036] Pin NN4BEG[4] is outside die area.
[GRT-0036] Pin NN4BEG[5] is outside die area.
[GRT-0036] Pin NN4BEG[6] is outside die area.
[GRT-0036] Pin NN4BEG[7] is outside die area.
[GRT-0036] Pin NN4BEG[8] is outside die area.
[GRT-0036] Pin NN4BEG[9] is outside die area.
[GRT-0036] Pin NN4END[0] is outside die area.
[GRT-0036] Pin NN4END[10] is outside die area.
[GRT-0036] Pin NN4END[11] is outside die area.
[GRT-0036] Pin NN4END[12] is outside die area.
[GRT-0036] Pin NN4END[13] is outside die area.
[GRT-0036] Pin NN4END[14] is outside die area.
[GRT-0036] Pin NN4END[15] is outside die area.
[GRT-0036] Pin NN4END[1] is outside die area.
[GRT-0036] Pin NN4END[2] is outside die area.
[GRT-0036] Pin NN4END[3] is outside die area.
[GRT-0036] Pin NN4END[4] is outside die area.
[GRT-0036] Pin NN4END[5] is outside die area.
[GRT-0036] Pin NN4END[6] is outside die area.
[GRT-0036] Pin NN4END[7] is outside die area.
[GRT-0036] Pin NN4END[8] is outside die area.
[GRT-0036] Pin NN4END[9] is outside die area.
[GRT-0036] Pin S1BEG[0] is outside die area.
[GRT-0036] Pin S1BEG[1] is outside die area.
[GRT-0036] Pin S1BEG[2] is outside die area.
[GRT-0036] Pin S1BEG[3] is outside die area.
[GRT-0036] Pin S1END[0] is outside die area.
[GRT-0036] Pin S1END[1] is outside die area.
[GRT-0036] Pin S1END[2] is outside die area.
[GRT-0036] Pin S1END[3] is outside die area.
[GRT-0036] Pin S2BEG[0] is outside die area.
[GRT-0036] Pin S2BEG[1] is outside die area.
[GRT-0036] Pin S2BEG[2] is outside die area.
[GRT-0036] Pin S2BEG[3] is outside die area.
[GRT-0036] Pin S2BEG[4] is outside die area.
[GRT-0036] Pin S2BEG[5] is outside die area.
[GRT-0036] Pin S2BEG[6] is outside die area.
[GRT-0036] Pin S2BEG[7] is outside die area.
[GRT-0036] Pin S2BEGb[0] is outside die area.
[GRT-0036] Pin S2BEGb[1] is outside die area.
[GRT-0036] Pin S2BEGb[2] is outside die area.
[GRT-0036] Pin S2BEGb[3] is outside die area.
[GRT-0036] Pin S2BEGb[4] is outside die area.
[GRT-0036] Pin S2BEGb[5] is outside die area.
[GRT-0036] Pin S2BEGb[6] is outside die area.
[GRT-0036] Pin S2BEGb[7] is outside die area.
[GRT-0036] Pin S2END[0] is outside die area.
[GRT-0036] Pin S2END[1] is outside die area.
[GRT-0036] Pin S2END[2] is outside die area.
[GRT-0036] Pin S2END[3] is outside die area.
[GRT-0036] Pin S2END[4] is outside die area.
[GRT-0036] Pin S2END[5] is outside die area.
[GRT-0036] Pin S2END[6] is outside die area.
[GRT-0036] Pin S2END[7] is outside die area.
[GRT-0036] Pin S2MID[0] is outside die area.
[GRT-0036] Pin S2MID[1] is outside die area.
[GRT-0036] Pin S2MID[2] is outside die area.
[GRT-0036] Pin S2MID[3] is outside die area.
[GRT-0036] Pin S2MID[4] is outside die area.
[GRT-0036] Pin S2MID[5] is outside die area.
[GRT-0036] Pin S2MID[6] is outside die area.
[GRT-0036] Pin S2MID[7] is outside die area.
[GRT-0036] Pin S4BEG[0] is outside die area.
[GRT-0036] Pin S4BEG[10] is outside die area.
[GRT-0036] Pin S4BEG[11] is outside die area.
[GRT-0036] Pin S4BEG[12] is outside die area.
[GRT-0036] Pin S4BEG[13] is outside die area.
[GRT-0036] Pin S4BEG[14] is outside die area.
[GRT-0036] Pin S4BEG[15] is outside die area.
[GRT-0036] Pin S4BEG[1] is outside die area.
[GRT-0036] Pin S4BEG[2] is outside die area.
[GRT-0036] Pin S4BEG[3] is outside die area.
[GRT-0036] Pin S4BEG[4] is outside die area.
[GRT-0036] Pin S4BEG[5] is outside die area.
[GRT-0036] Pin S4BEG[6] is outside die area.
[GRT-0036] Pin S4BEG[7] is outside die area.
[GRT-0036] Pin S4BEG[8] is outside die area.
[GRT-0036] Pin S4BEG[9] is outside die area.
[GRT-0036] Pin S4END[0] is outside die area.
[GRT-0036] Pin S4END[10] is outside die area.
[GRT-0036] Pin S4END[11] is outside die area.
[GRT-0036] Pin S4END[12] is outside die area.
[GRT-0036] Pin S4END[13] is outside die area.
[GRT-0036] Pin S4END[14] is outside die area.
[GRT-0036] Pin S4END[15] is outside die area.
[GRT-0036] Pin S4END[1] is outside die area.
[GRT-0036] Pin S4END[2] is outside die area.
[GRT-0036] Pin S4END[3] is outside die area.
[GRT-0036] Pin S4END[4] is outside die area.
[GRT-0036] Pin S4END[5] is outside die area.
[GRT-0036] Pin S4END[6] is outside die area.
[GRT-0036] Pin S4END[7] is outside die area.
[GRT-0036] Pin S4END[8] is outside die area.
[GRT-0036] Pin S4END[9] is outside die area.
[GRT-0036] Pin SS4BEG[0] is outside die area.
[GRT-0036] Pin SS4BEG[10] is outside die area.
[GRT-0036] Pin SS4BEG[11] is outside die area.
[GRT-0036] Pin SS4BEG[12] is outside die area.
[GRT-0036] Pin SS4BEG[13] is outside die area.
[GRT-0036] Pin SS4BEG[14] is outside die area.
[GRT-0036] Pin SS4BEG[15] is outside die area.
[GRT-0036] Pin SS4BEG[1] is outside die area.
[GRT-0036] Pin SS4BEG[2] is outside die area.
[GRT-0036] Pin SS4BEG[3] is outside die area.
[GRT-0036] Pin SS4BEG[4] is outside die area.
[GRT-0036] Pin SS4BEG[5] is outside die area.
[GRT-0036] Pin SS4BEG[6] is outside die area.
[GRT-0036] Pin SS4BEG[7] is outside die area.
[GRT-0036] Pin SS4BEG[8] is outside die area.
[GRT-0036] Pin SS4BEG[9] is outside die area.
[GRT-0036] Pin SS4END[0] is outside die area.
[GRT-0036] Pin SS4END[10] is outside die area.
[GRT-0036] Pin SS4END[11] is outside die area.
[GRT-0036] Pin SS4END[12] is outside die area.
[GRT-0036] Pin SS4END[13] is outside die area.
[GRT-0036] Pin SS4END[14] is outside die area.
[GRT-0036] Pin SS4END[15] is outside die area.
[GRT-0036] Pin SS4END[1] is outside die area.
[GRT-0036] Pin SS4END[2] is outside die area.
[GRT-0036] Pin SS4END[3] is outside die area.
[GRT-0036] Pin SS4END[4] is outside die area.
[GRT-0036] Pin SS4END[5] is outside die area.
[GRT-0036] Pin SS4END[6] is outside die area.
[GRT-0036] Pin SS4END[7] is outside die area.
[GRT-0036] Pin SS4END[8] is outside die area.
[GRT-0036] Pin SS4END[9] is outside die area.
[GRT-0036] Pin UserCLK is outside die area.
[GRT-0036] Pin UserCLKo is outside die area.
[GRT-0036] Pin W1BEG[0] is outside die area.
[GRT-0036] Pin W1BEG[1] is outside die area.
[GRT-0036] Pin W1BEG[2] is outside die area.
[GRT-0036] Pin W1BEG[3] is outside die area.
[GRT-0036] Pin W1END[0] is outside die area.
[GRT-0036] Pin W1END[1] is outside die area.
[GRT-0036] Pin W1END[2] is outside die area.
[GRT-0036] Pin W1END[3] is outside die area.
[GRT-0036] Pin W2BEG[0] is outside die area.
[GRT-0036] Pin W2BEG[1] is outside die area.
[GRT-0036] Pin W2BEG[2] is outside die area.
[GRT-0036] Pin W2BEG[3] is outside die area.
[GRT-0036] Pin W2BEG[4] is outside die area.
[GRT-0036] Pin W2BEG[5] is outside die area.
[GRT-0036] Pin W2BEG[6] is outside die area.
[GRT-0036] Pin W2BEG[7] is outside die area.
[GRT-0036] Pin W2BEGb[0] is outside die area.
[GRT-0036] Pin W2BEGb[1] is outside die area.
[GRT-0036] Pin W2BEGb[2] is outside die area.
[GRT-0036] Pin W2BEGb[3] is outside die area.
[GRT-0036] Pin W2BEGb[4] is outside die area.
[GRT-0036] Pin W2BEGb[5] is outside die area.
[GRT-0036] Pin W2BEGb[6] is outside die area.
[GRT-0036] Pin W2BEGb[7] is outside die area.
[GRT-0036] Pin W2END[0] is outside die area.
[GRT-0036] Pin W2END[1] is outside die area.
[GRT-0036] Pin W2END[2] is outside die area.
[GRT-0036] Pin W2END[3] is outside die area.
[GRT-0036] Pin W2END[4] is outside die area.
[GRT-0036] Pin W2END[5] is outside die area.
[GRT-0036] Pin W2END[6] is outside die area.
[GRT-0036] Pin W2END[7] is outside die area.
[GRT-0036] Pin W2MID[0] is outside die area.
[GRT-0036] Pin W2MID[1] is outside die area.
[GRT-0036] Pin W2MID[2] is outside die area.
[GRT-0036] Pin W2MID[3] is outside die area.
[GRT-0036] Pin W2MID[4] is outside die area.
[GRT-0036] Pin W2MID[5] is outside die area.
[GRT-0036] Pin W2MID[6] is outside die area.
[GRT-0036] Pin W2MID[7] is outside die area.
[GRT-0036] Pin W6BEG[0] is outside die area.
[GRT-0036] Pin W6BEG[10] is outside die area.
[GRT-0036] Pin W6BEG[11] is outside die area.
[GRT-0036] Pin W6BEG[1] is outside die area.
[GRT-0036] Pin W6BEG[2] is outside die area.
[GRT-0036] Pin W6BEG[3] is outside die area.
[GRT-0036] Pin W6BEG[4] is outside die area.
[GRT-0036] Pin W6BEG[5] is outside die area.
[GRT-0036] Pin W6BEG[6] is outside die area.
[GRT-0036] Pin W6BEG[7] is outside die area.
[GRT-0036] Pin W6BEG[8] is outside die area.
[GRT-0036] Pin W6BEG[9] is outside die area.
[GRT-0036] Pin W6END[0] is outside die area.
[GRT-0036] Pin W6END[10] is outside die area.
[GRT-0036] Pin W6END[11] is outside die area.
[GRT-0036] Pin W6END[1] is outside die area.
[GRT-0036] Pin W6END[2] is outside die area.
[GRT-0036] Pin W6END[3] is outside die area.
[GRT-0036] Pin W6END[4] is outside die area.
[GRT-0036] Pin W6END[5] is outside die area.
[GRT-0036] Pin W6END[6] is outside die area.
[GRT-0036] Pin W6END[7] is outside die area.
[GRT-0036] Pin W6END[8] is outside die area.
[GRT-0036] Pin W6END[9] is outside die area.
[GRT-0036] Pin WW4BEG[0] is outside die area.
[GRT-0036] Pin WW4BEG[10] is outside die area.
[GRT-0036] Pin WW4BEG[11] is outside die area.
[GRT-0036] Pin WW4BEG[12] is outside die area.
[GRT-0036] Pin WW4BEG[13] is outside die area.
[GRT-0036] Pin WW4BEG[14] is outside die area.
[GRT-0036] Pin WW4BEG[15] is outside die area.
[GRT-0036] Pin WW4BEG[1] is outside die area.
[GRT-0036] Pin WW4BEG[2] is outside die area.
[GRT-0036] Pin WW4BEG[3] is outside die area.
[GRT-0036] Pin WW4BEG[4] is outside die area.
[GRT-0036] Pin WW4BEG[5] is outside die area.
[GRT-0036] Pin WW4BEG[6] is outside die area.
[GRT-0036] Pin WW4BEG[7] is outside die area.
[GRT-0036] Pin WW4BEG[8] is outside die area.
[GRT-0036] Pin WW4BEG[9] is outside die area.
[GRT-0036] Pin WW4END[0] is outside die area.
[GRT-0036] Pin WW4END[10] is outside die area.
[GRT-0036] Pin WW4END[11] is outside die area.
[GRT-0036] Pin WW4END[12] is outside die area.
[GRT-0036] Pin WW4END[13] is outside die area.
[GRT-0036] Pin WW4END[14] is outside die area.
[GRT-0036] Pin WW4END[15] is outside die area.
[GRT-0036] Pin WW4END[1] is outside die area.
[GRT-0036] Pin WW4END[2] is outside die area.
[GRT-0036] Pin WW4END[3] is outside die area.
[GRT-0036] Pin WW4END[4] is outside die area.
[GRT-0036] Pin WW4END[5] is outside die area.
[GRT-0036] Pin WW4END[6] is outside die area.
[GRT-0036] Pin WW4END[7] is outside die area.
[GRT-0036] Pin WW4END[8] is outside die area.
[GRT-0036] Pin WW4END[9] is outside die area.
[STA-0366] port '__VIRTUAL_CLK__' not found.
[STA-0366] port '__VIRTUAL_CLK__' not found.
[STA-0419] transition time can not be specified for virtual clocks.
[STA-0450] virtual clock __VIRTUAL_CLK__ can not be propagated.
[STA-0366] port '__VIRTUAL_CLK__' not found.
[STA-0366] port '__VIRTUAL_CLK__' not found.
[STA-0419] transition time can not be specified for virtual clocks.
[STA-0450] virtual clock __VIRTUAL_CLK__ can not be propagated.
[STA-0450] virtual clock __VIRTUAL_CLK__ can not be propagated.
[GRT-0036] Pin Ci is outside die area.
[GRT-0036] Pin Co is outside die area.
[GRT-0036] Pin E1BEG[0] is outside die area.
[GRT-0036] Pin E1BEG[1] is outside die area.
[GRT-0036] Pin E1BEG[2] is outside die area.
[GRT-0036] Pin E1BEG[3] is outside die area.
[GRT-0036] Pin E1END[0] is outside die area.
[GRT-0036] Pin E1END[1] is outside die area.
[GRT-0036] Pin E1END[2] is outside die area.
[GRT-0036] Pin E1END[3] is outside die area.
[GRT-0036] Pin E2BEG[0] is outside die area.
[GRT-0036] Pin E2BEG[1] is outside die area.
[GRT-0036] Pin E2BEG[2] is outside die area.
[GRT-0036] Pin E2BEG[3] is outside die area.
[GRT-0036] Pin E2BEG[4] is outside die area.
[GRT-0036] Pin E2BEG[5] is outside die area.
[GRT-0036] Pin E2BEG[6] is outside die area.
[GRT-0036] Pin E2BEG[7] is outside die area.
[GRT-0036] Pin E2BEGb[0] is outside die area.
[GRT-0036] Pin E2BEGb[1] is outside die area.
[GRT-0036] Pin E2BEGb[2] is outside die area.
[GRT-0036] Pin E2BEGb[3] is outside die area.
[GRT-0036] Pin E2BEGb[4] is outside die area.
[GRT-0036] Pin E2BEGb[5] is outside die area.
[GRT-0036] Pin E2BEGb[6] is outside die area.
[GRT-0036] Pin E2BEGb[7] is outside die area.
[GRT-0036] Pin E2END[0] is outside die area.
[GRT-0036] Pin E2END[1] is outside die area.
[GRT-0036] Pin E2END[2] is outside die area.
[GRT-0036] Pin E2END[3] is outside die area.
[GRT-0036] Pin E2END[4] is outside die area.
[GRT-0036] Pin E2END[5] is outside die area.
[GRT-0036] Pin E2END[6] is outside die area.
[GRT-0036] Pin E2END[7] is outside die area.
[GRT-0036] Pin E2MID[0] is outside die area.
[GRT-0036] Pin E2MID[1] is outside die area.
[GRT-0036] Pin E2MID[2] is outside die area.
[GRT-0036] Pin E2MID[3] is outside die area.
[GRT-0036] Pin E2MID[4] is outside die area.
[GRT-0036] Pin E2MID[5] is outside die area.
[GRT-0036] Pin E2MID[6] is outside die area.
[GRT-0036] Pin E2MID[7] is outside die area.
[GRT-0036] Pin E6BEG[0] is outside die area.
[GRT-0036] Pin E6BEG[10] is outside die area.
[GRT-0036] Pin E6BEG[11] is outside die area.
[GRT-0036] Pin E6BEG[1] is outside die area.
[GRT-0036] Pin E6BEG[2] is outside die area.
[GRT-0036] Pin E6BEG[3] is outside die area.
[GRT-0036] Pin E6BEG[4] is outside die area.
[GRT-0036] Pin E6BEG[5] is outside die area.
[GRT-0036] Pin E6BEG[6] is outside die area.
[GRT-0036] Pin E6BEG[7] is outside die area.
[GRT-0036] Pin E6BEG[8] is outside die area.
[GRT-0036] Pin E6BEG[9] is outside die area.
[GRT-0036] Pin E6END[0] is outside die area.
[GRT-0036] Pin E6END[10] is outside die area.
[GRT-0036] Pin E6END[11] is outside die area.
[GRT-0036] Pin E6END[1] is outside die area.
[GRT-0036] Pin E6END[2] is outside die area.
[GRT-0036] Pin E6END[3] is outside die area.
[GRT-0036] Pin E6END[4] is outside die area.
[GRT-0036] Pin E6END[5] is outside die area.
[GRT-0036] Pin E6END[6] is outside die area.
[GRT-0036] Pin E6END[7] is outside die area.
[GRT-0036] Pin E6END[8] is outside die area.
[GRT-0036] Pin E6END[9] is outside die area.
[GRT-0036] Pin EE4BEG[0] is outside die area.
[GRT-0036] Pin EE4BEG[10] is outside die area.
[GRT-0036] Pin EE4BEG[11] is outside die area.
[GRT-0036] Pin EE4BEG[12] is outside die area.
[GRT-0036] Pin EE4BEG[13] is outside die area.
[GRT-0036] Pin EE4BEG[14] is outside die area.
[GRT-0036] Pin EE4BEG[15] is outside die area.
[GRT-0036] Pin EE4BEG[1] is outside die area.
[GRT-0036] Pin EE4BEG[2] is outside die area.
[GRT-0036] Pin EE4BEG[3] is outside die area.
[GRT-0036] Pin EE4BEG[4] is outside die area.
[GRT-0036] Pin EE4BEG[5] is outside die area.
[GRT-0036] Pin EE4BEG[6] is outside die area.
[GRT-0036] Pin EE4BEG[7] is outside die area.
[GRT-0036] Pin EE4BEG[8] is outside die area.
[GRT-0036] Pin EE4BEG[9] is outside die area.
[GRT-0036] Pin EE4END[0] is outside die area.
[GRT-0036] Pin EE4END[10] is outside die area.
[GRT-0036] Pin EE4END[11] is outside die area.
[GRT-0036] Pin EE4END[12] is outside die area.
[GRT-0036] Pin EE4END[13] is outside die area.
[GRT-0036] Pin EE4END[14] is outside die area.
[GRT-0036] Pin EE4END[15] is outside die area.
[GRT-0036] Pin EE4END[1] is outside die area.
[GRT-0036] Pin EE4END[2] is outside die area.
[GRT-0036] Pin EE4END[3] is outside die area.
[GRT-0036] Pin EE4END[4] is outside die area.
[GRT-0036] Pin EE4END[5] is outside die area.
[GRT-0036] Pin EE4END[6] is outside die area.
[GRT-0036] Pin EE4END[7] is outside die area.
[GRT-0036] Pin EE4END[8] is outside die area.
[GRT-0036] Pin EE4END[9] is outside die area.
[GRT-0036] Pin FrameData[0] is outside die area.
[GRT-0036] Pin FrameData[10] is outside die area.
[GRT-0036] Pin FrameData[11] is outside die area.
[GRT-0036] Pin FrameData[12] is outside die area.
[GRT-0036] Pin FrameData[13] is outside die area.
[GRT-0036] Pin FrameData[14] is outside die area.
[GRT-0036] Pin FrameData[15] is outside die area.
[GRT-0036] Pin FrameData[16] is outside die area.
[GRT-0036] Pin FrameData[17] is outside die area.
[GRT-0036] Pin FrameData[18] is outside die area.
[GRT-0036] Pin FrameData[19] is outside die area.
[GRT-0036] Pin FrameData[1] is outside die area.
[GRT-0036] Pin FrameData[20] is outside die area.
[GRT-0036] Pin FrameData[21] is outside die area.
[GRT-0036] Pin FrameData[22] is outside die area.
[GRT-0036] Pin FrameData[23] is outside die area.
[GRT-0036] Pin FrameData[24] is outside die area.
[GRT-0036] Pin FrameData[25] is outside die area.
[GRT-0036] Pin FrameData[26] is outside die area.
[GRT-0036] Pin FrameData[27] is outside die area.
[GRT-0036] Pin FrameData[28] is outside die area.
[GRT-0036] Pin FrameData[29] is outside die area.
[GRT-0036] Pin FrameData[2] is outside die area.
[GRT-0036] Pin FrameData[30] is outside die area.
[GRT-0036] Pin FrameData[31] is outside die area.
[GRT-0036] Pin FrameData[3] is outside die area.
[GRT-0036] Pin FrameData[4] is outside die area.
[GRT-0036] Pin FrameData[5] is outside die area.
[GRT-0036] Pin FrameData[6] is outside die area.
[GRT-0036] Pin FrameData[7] is outside die area.
[GRT-0036] Pin FrameData[8] is outside die area.
[GRT-0036] Pin FrameData[9] is outside die area.
[GRT-0036] Pin FrameData_O[0] is outside die area.
[GRT-0036] Pin FrameData_O[10] is outside die area.
[GRT-0036] Pin FrameData_O[11] is outside die area.
[GRT-0036] Pin FrameData_O[12] is outside die area.
[GRT-0036] Pin FrameData_O[13] is outside die area.
[GRT-0036] Pin FrameData_O[14] is outside die area.
[GRT-0036] Pin FrameData_O[15] is outside die area.
[GRT-0036] Pin FrameData_O[16] is outside die area.
[GRT-0036] Pin FrameData_O[17] is outside die area.
[GRT-0036] Pin FrameData_O[18] is outside die area.
[GRT-0036] Pin FrameData_O[19] is outside die area.
[GRT-0036] Pin FrameData_O[1] is outside die area.
[GRT-0036] Pin FrameData_O[20] is outside die area.
[GRT-0036] Pin FrameData_O[21] is outside die area.
[GRT-0036] Pin FrameData_O[22] is outside die area.
[GRT-0036] Pin FrameData_O[23] is outside die area.
[GRT-0036] Pin FrameData_O[24] is outside die area.
[GRT-0036] Pin FrameData_O[25] is outside die area.
[GRT-0036] Pin FrameData_O[26] is outside die area.
[GRT-0036] Pin FrameData_O[27] is outside die area.
[GRT-0036] Pin FrameData_O[28] is outside die area.
[GRT-0036] Pin FrameData_O[29] is outside die area.
[GRT-0036] Pin FrameData_O[2] is outside die area.
[GRT-0036] Pin FrameData_O[30] is outside die area.
[GRT-0036] Pin FrameData_O[31] is outside die area.
[GRT-0036] Pin FrameData_O[3] is outside die area.
[GRT-0036] Pin FrameData_O[4] is outside die area.
[GRT-0036] Pin FrameData_O[5] is outside die area.
[GRT-0036] Pin FrameData_O[6] is outside die area.
[GRT-0036] Pin FrameData_O[7] is outside die area.
[GRT-0036] Pin FrameData_O[8] is outside die area.
[GRT-0036] Pin FrameData_O[9] is outside die area.
[GRT-0036] Pin FrameStrobe[0] is outside die area.
[GRT-0036] Pin FrameStrobe[10] is outside die area.
[GRT-0036] Pin FrameStrobe[11] is outside die area.
[GRT-0036] Pin FrameStrobe[12] is outside die area.
[GRT-0036] Pin FrameStrobe[13] is outside die area.
[GRT-0036] Pin FrameStrobe[14] is outside die area.
[GRT-0036] Pin FrameStrobe[15] is outside die area.
[GRT-0036] Pin FrameStrobe[16] is outside die area.
[GRT-0036] Pin FrameStrobe[17] is outside die area.
[GRT-0036] Pin FrameStrobe[18] is outside die area.
[GRT-0036] Pin FrameStrobe[19] is outside die area.
[GRT-0036] Pin FrameStrobe[1] is outside die area.
[GRT-0036] Pin FrameStrobe[2] is outside die area.
[GRT-0036] Pin FrameStrobe[3] is outside die area.
[GRT-0036] Pin FrameStrobe[4] is outside die area.
[GRT-0036] Pin FrameStrobe[5] is outside die area.
[GRT-0036] Pin FrameStrobe[6] is outside die area.
[GRT-0036] Pin FrameStrobe[7] is outside die area.
[GRT-0036] Pin FrameStrobe[8] is outside die area.
[GRT-0036] Pin FrameStrobe[9] is outside die area.
[GRT-0036] Pin FrameStrobe_O[0] is outside die area.
[GRT-0036] Pin FrameStrobe_O[10] is outside die area.
[GRT-0036] Pin FrameStrobe_O[11] is outside die area.
[GRT-0036] Pin FrameStrobe_O[12] is outside die area.
[GRT-0036] Pin FrameStrobe_O[13] is outside die area.
[GRT-0036] Pin FrameStrobe_O[14] is outside die area.
[GRT-0036] Pin FrameStrobe_O[15] is outside die area.
[GRT-0036] Pin FrameStrobe_O[16] is outside die area.
[GRT-0036] Pin FrameStrobe_O[17] is outside die area.
[GRT-0036] Pin FrameStrobe_O[18] is outside die area.
[GRT-0036] Pin FrameStrobe_O[19] is outside die area.
[GRT-0036] Pin FrameStrobe_O[1] is outside die area.
[GRT-0036] Pin FrameStrobe_O[2] is outside die area.
[GRT-0036] Pin FrameStrobe_O[3] is outside die area.
[GRT-0036] Pin FrameStrobe_O[4] is outside die area.
[GRT-0036] Pin FrameStrobe_O[5] is outside die area.
[GRT-0036] Pin FrameStrobe_O[6] is outside die area.
[GRT-0036] Pin FrameStrobe_O[7] is outside die area.
[GRT-0036] Pin FrameStrobe_O[8] is outside die area.
[GRT-0036] Pin FrameStrobe_O[9] is outside die area.
[GRT-0036] Pin N1BEG[0] is outside die area.
[GRT-0036] Pin N1BEG[1] is outside die area.
[GRT-0036] Pin N1BEG[2] is outside die area.
[GRT-0036] Pin N1BEG[3] is outside die area.
[GRT-0036] Pin N1END[0] is outside die area.
[GRT-0036] Pin N1END[1] is outside die area.
[GRT-0036] Pin N1END[2] is outside die area.
[GRT-0036] Pin N1END[3] is outside die area.
[GRT-0036] Pin N2BEG[0] is outside die area.
[GRT-0036] Pin N2BEG[1] is outside die area.
[GRT-0036] Pin N2BEG[2] is outside die area.
[GRT-0036] Pin N2BEG[3] is outside die area.
[GRT-0036] Pin N2BEG[4] is outside die area.
[GRT-0036] Pin N2BEG[5] is outside die area.
[GRT-0036] Pin N2BEG[6] is outside die area.
[GRT-0036] Pin N2BEG[7] is outside die area.
[GRT-0036] Pin N2BEGb[0] is outside die area.
[GRT-0036] Pin N2BEGb[1] is outside die area.
[GRT-0036] Pin N2BEGb[2] is outside die area.
[GRT-0036] Pin N2BEGb[3] is outside die area.
[GRT-0036] Pin N2BEGb[4] is outside die area.
[GRT-0036] Pin N2BEGb[5] is outside die area.
[GRT-0036] Pin N2BEGb[6] is outside die area.
[GRT-0036] Pin N2BEGb[7] is outside die area.
[GRT-0036] Pin N2END[0] is outside die area.
[GRT-0036] Pin N2END[1] is outside die area.
[GRT-0036] Pin N2END[2] is outside die area.
[GRT-0036] Pin N2END[3] is outside die area.
[GRT-0036] Pin N2END[4] is outside die area.
[GRT-0036] Pin N2END[5] is outside die area.
[GRT-0036] Pin N2END[6] is outside die area.
[GRT-0036] Pin N2END[7] is outside die area.
[GRT-0036] Pin N2MID[0] is outside die area.
[GRT-0036] Pin N2MID[1] is outside die area.
[GRT-0036] Pin N2MID[2] is outside die area.
[GRT-0036] Pin N2MID[3] is outside die area.
[GRT-0036] Pin N2MID[4] is outside die area.
[GRT-0036] Pin N2MID[5] is outside die area.
[GRT-0036] Pin N2MID[6] is outside die area.
[GRT-0036] Pin N2MID[7] is outside die area.
[GRT-0036] Pin N4BEG[0] is outside die area.
[GRT-0036] Pin N4BEG[10] is outside die area.
[GRT-0036] Pin N4BEG[11] is outside die area.
[GRT-0036] Pin N4BEG[12] is outside die area.
[GRT-0036] Pin N4BEG[13] is outside die area.
[GRT-0036] Pin N4BEG[14] is outside die area.
[GRT-0036] Pin N4BEG[15] is outside die area.
[GRT-0036] Pin N4BEG[1] is outside die area.
[GRT-0036] Pin N4BEG[2] is outside die area.
[GRT-0036] Pin N4BEG[3] is outside die area.
[GRT-0036] Pin N4BEG[4] is outside die area.
[GRT-0036] Pin N4BEG[5] is outside die area.
[GRT-0036] Pin N4BEG[6] is outside die area.
[GRT-0036] Pin N4BEG[7] is outside die area.
[GRT-0036] Pin N4BEG[8] is outside die area.
[GRT-0036] Pin N4BEG[9] is outside die area.
[GRT-0036] Pin N4END[0] is outside die area.
[GRT-0036] Pin N4END[10] is outside die area.
[GRT-0036] Pin N4END[11] is outside die area.
[GRT-0036] Pin N4END[12] is outside die area.
[GRT-0036] Pin N4END[13] is outside die area.
[GRT-0036] Pin N4END[14] is outside die area.
[GRT-0036] Pin N4END[15] is outside die area.
[GRT-0036] Pin N4END[1] is outside die area.
[GRT-0036] Pin N4END[2] is outside die area.
[GRT-0036] Pin N4END[3] is outside die area.
[GRT-0036] Pin N4END[4] is outside die area.
[GRT-0036] Pin N4END[5] is outside die area.
[GRT-0036] Pin N4END[6] is outside die area.
[GRT-0036] Pin N4END[7] is outside die area.
[GRT-0036] Pin N4END[8] is outside die area.
[GRT-0036] Pin N4END[9] is outside die area.
[GRT-0036] Pin NN4BEG[0] is outside die area.
[GRT-0036] Pin NN4BEG[10] is outside die area.
[GRT-0036] Pin NN4BEG[11] is outside die area.
[GRT-0036] Pin NN4BEG[12] is outside die area.
[GRT-0036] Pin NN4BEG[13] is outside die area.
[GRT-0036] Pin NN4BEG[14] is outside die area.
[GRT-0036] Pin NN4BEG[15] is outside die area.
[GRT-0036] Pin NN4BEG[1] is outside die area.
[GRT-0036] Pin NN4BEG[2] is outside die area.
[GRT-0036] Pin NN4BEG[3] is outside die area.
[GRT-0036] Pin NN4BEG[4] is outside die area.
[GRT-0036] Pin NN4BEG[5] is outside die area.
[GRT-0036] Pin NN4BEG[6] is outside die area.
[GRT-0036] Pin NN4BEG[7] is outside die area.
[GRT-0036] Pin NN4BEG[8] is outside die area.
[GRT-0036] Pin NN4BEG[9] is outside die area.
[GRT-0036] Pin NN4END[0] is outside die area.
[GRT-0036] Pin NN4END[10] is outside die area.
[GRT-0036] Pin NN4END[11] is outside die area.
[GRT-0036] Pin NN4END[12] is outside die area.
[GRT-0036] Pin NN4END[13] is outside die area.
[GRT-0036] Pin NN4END[14] is outside die area.
[GRT-0036] Pin NN4END[15] is outside die area.
[GRT-0036] Pin NN4END[1] is outside die area.
[GRT-0036] Pin NN4END[2] is outside die area.
[GRT-0036] Pin NN4END[3] is outside die area.
[GRT-0036] Pin NN4END[4] is outside die area.
[GRT-0036] Pin NN4END[5] is outside die area.
[GRT-0036] Pin NN4END[6] is outside die area.
[GRT-0036] Pin NN4END[7] is outside die area.
[GRT-0036] Pin NN4END[8] is outside die area.
[GRT-0036] Pin NN4END[9] is outside die area.
[GRT-0036] Pin S1BEG[0] is outside die area.
[GRT-0036] Pin S1BEG[1] is outside die area.
[GRT-0036] Pin S1BEG[2] is outside die area.
[GRT-0036] Pin S1BEG[3] is outside die area.
[GRT-0036] Pin S1END[0] is outside die area.
[GRT-0036] Pin S1END[1] is outside die area.
[GRT-0036] Pin S1END[2] is outside die area.
[GRT-0036] Pin S1END[3] is outside die area.
[GRT-0036] Pin S2BEG[0] is outside die area.
[GRT-0036] Pin S2BEG[1] is outside die area.
[GRT-0036] Pin S2BEG[2] is outside die area.
[GRT-0036] Pin S2BEG[3] is outside die area.
[GRT-0036] Pin S2BEG[4] is outside die area.
[GRT-0036] Pin S2BEG[5] is outside die area.
[GRT-0036] Pin S2BEG[6] is outside die area.
[GRT-0036] Pin S2BEG[7] is outside die area.
[GRT-0036] Pin S2BEGb[0] is outside die area.
[GRT-0036] Pin S2BEGb[1] is outside die area.
[GRT-0036] Pin S2BEGb[2] is outside die area.
[GRT-0036] Pin S2BEGb[3] is outside die area.
[GRT-0036] Pin S2BEGb[4] is outside die area.
[GRT-0036] Pin S2BEGb[5] is outside die area.
[GRT-0036] Pin S2BEGb[6] is outside die area.
[GRT-0036] Pin S2BEGb[7] is outside die area.
[GRT-0036] Pin S2END[0] is outside die area.
[GRT-0036] Pin S2END[1] is outside die area.
[GRT-0036] Pin S2END[2] is outside die area.
[GRT-0036] Pin S2END[3] is outside die area.
[GRT-0036] Pin S2END[4] is outside die area.
[GRT-0036] Pin S2END[5] is outside die area.
[GRT-0036] Pin S2END[6] is outside die area.
[GRT-0036] Pin S2END[7] is outside die area.
[GRT-0036] Pin S2MID[0] is outside die area.
[GRT-0036] Pin S2MID[1] is outside die area.
[GRT-0036] Pin S2MID[2] is outside die area.
[GRT-0036] Pin S2MID[3] is outside die area.
[GRT-0036] Pin S2MID[4] is outside die area.
[GRT-0036] Pin S2MID[5] is outside die area.
[GRT-0036] Pin S2MID[6] is outside die area.
[GRT-0036] Pin S2MID[7] is outside die area.
[GRT-0036] Pin S4BEG[0] is outside die area.
[GRT-0036] Pin S4BEG[10] is outside die area.
[GRT-0036] Pin S4BEG[11] is outside die area.
[GRT-0036] Pin S4BEG[12] is outside die area.
[GRT-0036] Pin S4BEG[13] is outside die area.
[GRT-0036] Pin S4BEG[14] is outside die area.
[GRT-0036] Pin S4BEG[15] is outside die area.
[GRT-0036] Pin S4BEG[1] is outside die area.
[GRT-0036] Pin S4BEG[2] is outside die area.
[GRT-0036] Pin S4BEG[3] is outside die area.
[GRT-0036] Pin S4BEG[4] is outside die area.
[GRT-0036] Pin S4BEG[5] is outside die area.
[GRT-0036] Pin S4BEG[6] is outside die area.
[GRT-0036] Pin S4BEG[7] is outside die area.
[GRT-0036] Pin S4BEG[8] is outside die area.
[GRT-0036] Pin S4BEG[9] is outside die area.
[GRT-0036] Pin S4END[0] is outside die area.
[GRT-0036] Pin S4END[10] is outside die area.
[GRT-0036] Pin S4END[11] is outside die area.
[GRT-0036] Pin S4END[12] is outside die area.
[GRT-0036] Pin S4END[13] is outside die area.
[GRT-0036] Pin S4END[14] is outside die area.
[GRT-0036] Pin S4END[15] is outside die area.
[GRT-0036] Pin S4END[1] is outside die area.
[GRT-0036] Pin S4END[2] is outside die area.
[GRT-0036] Pin S4END[3] is outside die area.
[GRT-0036] Pin S4END[4] is outside die area.
[GRT-0036] Pin S4END[5] is outside die area.
[GRT-0036] Pin S4END[6] is outside die area.
[GRT-0036] Pin S4END[7] is outside die area.
[GRT-0036] Pin S4END[8] is outside die area.
[GRT-0036] Pin S4END[9] is outside die area.
[GRT-0036] Pin SS4BEG[0] is outside die area.
[GRT-0036] Pin SS4BEG[10] is outside die area.
[GRT-0036] Pin SS4BEG[11] is outside die area.
[GRT-0036] Pin SS4BEG[12] is outside die area.
[GRT-0036] Pin SS4BEG[13] is outside die area.
[GRT-0036] Pin SS4BEG[14] is outside die area.
[GRT-0036] Pin SS4BEG[15] is outside die area.
[GRT-0036] Pin SS4BEG[1] is outside die area.
[GRT-0036] Pin SS4BEG[2] is outside die area.
[GRT-0036] Pin SS4BEG[3] is outside die area.
[GRT-0036] Pin SS4BEG[4] is outside die area.
[GRT-0036] Pin SS4BEG[5] is outside die area.
[GRT-0036] Pin SS4BEG[6] is outside die area.
[GRT-0036] Pin SS4BEG[7] is outside die area.
[GRT-0036] Pin SS4BEG[8] is outside die area.
[GRT-0036] Pin SS4BEG[9] is outside die area.
[GRT-0036] Pin SS4END[0] is outside die area.
[GRT-0036] Pin SS4END[10] is outside die area.
[GRT-0036] Pin SS4END[11] is outside die area.
[GRT-0036] Pin SS4END[12] is outside die area.
[GRT-0036] Pin SS4END[13] is outside die area.
[GRT-0036] Pin SS4END[14] is outside die area.
[GRT-0036] Pin SS4END[15] is outside die area.
[GRT-0036] Pin SS4END[1] is outside die area.
[GRT-0036] Pin SS4END[2] is outside die area.
[GRT-0036] Pin SS4END[3] is outside die area.
[GRT-0036] Pin SS4END[4] is outside die area.
[GRT-0036] Pin SS4END[5] is outside die area.
[GRT-0036] Pin SS4END[6] is outside die area.
[GRT-0036] Pin SS4END[7] is outside die area.
[GRT-0036] Pin SS4END[8] is outside die area.
[GRT-0036] Pin SS4END[9] is outside die area.
[GRT-0036] Pin UserCLK is outside die area.
[GRT-0036] Pin UserCLKo is outside die area.
[GRT-0036] Pin W1BEG[0] is outside die area.
[GRT-0036] Pin W1BEG[1] is outside die area.
[GRT-0036] Pin W1BEG[2] is outside die area.
[GRT-0036] Pin W1BEG[3] is outside die area.
[GRT-0036] Pin W1END[0] is outside die area.
[GRT-0036] Pin W1END[1] is outside die area.
[GRT-0036] Pin W1END[2] is outside die area.
[GRT-0036] Pin W1END[3] is outside die area.
[GRT-0036] Pin W2BEG[0] is outside die area.
[GRT-0036] Pin W2BEG[1] is outside die area.
[GRT-0036] Pin W2BEG[2] is outside die area.
[GRT-0036] Pin W2BEG[3] is outside die area.
[GRT-0036] Pin W2BEG[4] is outside die area.
[GRT-0036] Pin W2BEG[5] is outside die area.
[GRT-0036] Pin W2BEG[6] is outside die area.
[GRT-0036] Pin W2BEG[7] is outside die area.
[GRT-0036] Pin W2BEGb[0] is outside die area.
[GRT-0036] Pin W2BEGb[1] is outside die area.
[GRT-0036] Pin W2BEGb[2] is outside die area.
[GRT-0036] Pin W2BEGb[3] is outside die area.
[GRT-0036] Pin W2BEGb[4] is outside die area.
[GRT-0036] Pin W2BEGb[5] is outside die area.
[GRT-0036] Pin W2BEGb[6] is outside die area.
[GRT-0036] Pin W2BEGb[7] is outside die area.
[GRT-0036] Pin W2END[0] is outside die area.
[GRT-0036] Pin W2END[1] is outside die area.
[GRT-0036] Pin W2END[2] is outside die area.
[GRT-0036] Pin W2END[3] is outside die area.
[GRT-0036] Pin W2END[4] is outside die area.
[GRT-0036] Pin W2END[5] is outside die area.
[GRT-0036] Pin W2END[6] is outside die area.
[GRT-0036] Pin W2END[7] is outside die area.
[GRT-0036] Pin W2MID[0] is outside die area.
[GRT-0036] Pin W2MID[1] is outside die area.
[GRT-0036] Pin W2MID[2] is outside die area.
[GRT-0036] Pin W2MID[3] is outside die area.
[GRT-0036] Pin W2MID[4] is outside die area.
[GRT-0036] Pin W2MID[5] is outside die area.
[GRT-0036] Pin W2MID[6] is outside die area.
[GRT-0036] Pin W2MID[7] is outside die area.
[GRT-0036] Pin W6BEG[0] is outside die area.
[GRT-0036] Pin W6BEG[10] is outside die area.
[GRT-0036] Pin W6BEG[11] is outside die area.
[GRT-0036] Pin W6BEG[1] is outside die area.
[GRT-0036] Pin W6BEG[2] is outside die area.
[GRT-0036] Pin W6BEG[3] is outside die area.
[GRT-0036] Pin W6BEG[4] is outside die area.
[GRT-0036] Pin W6BEG[5] is outside die area.
[GRT-0036] Pin W6BEG[6] is outside die area.
[GRT-0036] Pin W6BEG[7] is outside die area.
[GRT-0036] Pin W6BEG[8] is outside die area.
[GRT-0036] Pin W6BEG[9] is outside die area.
[GRT-0036] Pin W6END[0] is outside die area.
[GRT-0036] Pin W6END[10] is outside die area.
[GRT-0036] Pin W6END[11] is outside die area.
[GRT-0036] Pin W6END[1] is outside die area.
[GRT-0036] Pin W6END[2] is outside die area.
[GRT-0036] Pin W6END[3] is outside die area.
[GRT-0036] Pin W6END[4] is outside die area.
[GRT-0036] Pin W6END[5] is outside die area.
[GRT-0036] Pin W6END[6] is outside die area.
[GRT-0036] Pin W6END[7] is outside die area.
[GRT-0036] Pin W6END[8] is outside die area.
[GRT-0036] Pin W6END[9] is outside die area.
[GRT-0036] Pin WW4BEG[0] is outside die area.
[GRT-0036] Pin WW4BEG[10] is outside die area.
[GRT-0036] Pin WW4BEG[11] is outside die area.
[GRT-0036] Pin WW4BEG[12] is outside die area.
[GRT-0036] Pin WW4BEG[13] is outside die area.
[GRT-0036] Pin WW4BEG[14] is outside die area.
[GRT-0036] Pin WW4BEG[15] is outside die area.
[GRT-0036] Pin WW4BEG[1] is outside die area.
[GRT-0036] Pin WW4BEG[2] is outside die area.
[GRT-0036] Pin WW4BEG[3] is outside die area.
[GRT-0036] Pin WW4BEG[4] is outside die area.
[GRT-0036] Pin WW4BEG[5] is outside die area.
[GRT-0036] Pin WW4BEG[6] is outside die area.
[GRT-0036] Pin WW4BEG[7] is outside die area.
[GRT-0036] Pin WW4BEG[8] is outside die area.
[GRT-0036] Pin WW4BEG[9] is outside die area.
[GRT-0036] Pin WW4END[0] is outside die area.
[GRT-0036] Pin WW4END[10] is outside die area.
[GRT-0036] Pin WW4END[11] is outside die area.
[GRT-0036] Pin WW4END[12] is outside die area.
[GRT-0036] Pin WW4END[13] is outside die area.
[GRT-0036] Pin WW4END[14] is outside die area.
[GRT-0036] Pin WW4END[15] is outside die area.
[GRT-0036] Pin WW4END[1] is outside die area.
[GRT-0036] Pin WW4END[2] is outside die area.
[GRT-0036] Pin WW4END[3] is outside die area.
[GRT-0036] Pin WW4END[4] is outside die area.
[GRT-0036] Pin WW4END[5] is outside die area.
[GRT-0036] Pin WW4END[6] is outside die area.
[GRT-0036] Pin WW4END[7] is outside die area.
[GRT-0036] Pin WW4END[8] is outside die area.
[GRT-0036] Pin WW4END[9] is outside die area.
[GRT-0036] Pin E1BEG[2] is outside die area.
[GRT-0036] Pin E2BEG[0] is outside die area.
[GRT-0036] Pin E2BEG[1] is outside die area.
[GRT-0036] Pin E2BEG[2] is outside die area.
[GRT-0036] Pin E2BEG[5] is outside die area.
[GRT-0036] Pin E2BEG[7] is outside die area.
[GRT-0036] Pin E2BEGb[1] is outside die area.
[GRT-0036] Pin E2BEGb[7] is outside die area.
[GRT-0036] Pin E2END[1] is outside die area.
[GRT-0036] Pin E2MID[1] is outside die area.
[GRT-0036] Pin E2MID[2] is outside die area.
[GRT-0036] Pin E2MID[3] is outside die area.
[GRT-0036] Pin E2MID[4] is outside die area.
[GRT-0036] Pin E2MID[5] is outside die area.
[GRT-0036] Pin E2MID[7] is outside die area.
[GRT-0036] Pin E6BEG[2] is outside die area.
[GRT-0036] Pin E6BEG[7] is outside die area.
[GRT-0036] Pin E6BEG[9] is outside die area.
[GRT-0036] Pin E6END[10] is outside die area.
[GRT-0036] Pin E6END[3] is outside die area.
[GRT-0036] Pin E6END[7] is outside die area.
[GRT-0036] Pin E6END[8] is outside die area.
[GRT-0036] Pin EE4BEG[11] is outside die area.
[GRT-0036] Pin EE4BEG[14] is outside die area.
[GRT-0036] Pin EE4BEG[3] is outside die area.
[GRT-0036] Pin EE4BEG[9] is outside die area.
[GRT-0036] Pin EE4END[10] is outside die area.
[GRT-0036] Pin EE4END[11] is outside die area.
[GRT-0036] Pin EE4END[12] is outside die area.
[GRT-0036] Pin EE4END[4] is outside die area.
[GRT-0036] Pin EE4END[5] is outside die area.
[GRT-0036] Pin EE4END[6] is outside die area.
[GRT-0036] Pin EE4END[8] is outside die area.
[GRT-0036] Pin EE4END[9] is outside die area.
[GRT-0036] Pin FrameData[0] is outside die area.
[GRT-0036] Pin FrameData[17] is outside die area.
[GRT-0036] Pin FrameData[1] is outside die area.
[GRT-0036] Pin FrameData[21] is outside die area.
[GRT-0036] Pin FrameData[25] is outside die area.
[GRT-0036] Pin FrameData[26] is outside die area.
[GRT-0036] Pin FrameData[27] is outside die area.
[GRT-0036] Pin FrameData[28] is outside die area.
[GRT-0036] Pin FrameData[29] is outside die area.
[GRT-0036] Pin FrameData[30] is outside die area.
[GRT-0036] Pin FrameData[31] is outside die area.
[GRT-0036] Pin FrameData[4] is outside die area.
[GRT-0036] Pin FrameData[6] is outside die area.
[GRT-0036] Pin FrameData_O[13] is outside die area.
[GRT-0036] Pin FrameData_O[16] is outside die area.
[GRT-0036] Pin FrameData_O[17] is outside die area.
[GRT-0036] Pin FrameData_O[30] is outside die area.
[GRT-0036] Pin FrameData_O[6] is outside die area.
[GRT-0036] Pin FrameStrobe[0] is outside die area.
[GRT-0036] Pin FrameStrobe[10] is outside die area.
[GRT-0036] Pin FrameStrobe[11] is outside die area.
[GRT-0036] Pin FrameStrobe[12] is outside die area.
[GRT-0036] Pin FrameStrobe[14] is outside die area.
[GRT-0036] Pin FrameStrobe[15] is outside die area.
[GRT-0036] Pin FrameStrobe[18] is outside die area.
[GRT-0036] Pin FrameStrobe[19] is outside die area.
[GRT-0036] Pin FrameStrobe[2] is outside die area.
[GRT-0036] Pin FrameStrobe[3] is outside die area.
[GRT-0036] Pin FrameStrobe[7] is outside die area.
[GRT-0036] Pin FrameStrobe_O[0] is outside die area.
[GRT-0036] Pin FrameStrobe_O[10] is outside die area.
[GRT-0036] Pin FrameStrobe_O[17] is outside die area.
[GRT-0036] Pin FrameStrobe_O[19] is outside die area.
[GRT-0036] Pin FrameStrobe_O[1] is outside die area.
[GRT-0036] Pin FrameStrobe_O[2] is outside die area.
[GRT-0036] Pin FrameStrobe_O[3] is outside die area.
[GRT-0036] Pin FrameStrobe_O[4] is outside die area.
[GRT-0036] Pin FrameStrobe_O[5] is outside die area.
[GRT-0036] Pin FrameStrobe_O[6] is outside die area.
[GRT-0036] Pin FrameStrobe_O[7] is outside die area.
[GRT-0036] Pin N1BEG[2] is outside die area.
[GRT-0036] Pin N2BEG[1] is outside die area.
[GRT-0036] Pin N2BEG[2] is outside die area.
[GRT-0036] Pin N2BEG[3] is outside die area.
[GRT-0036] Pin N2BEG[4] is outside die area.
[GRT-0036] Pin N2BEG[7] is outside die area.
[GRT-0036] Pin N2BEGb[6] is outside die area.
[GRT-0036] Pin N2END[5] is outside die area.
[GRT-0036] Pin N2MID[2] is outside die area.
[GRT-0036] Pin N2MID[3] is outside die area.
[GRT-0036] Pin N2MID[5] is outside die area.
[GRT-0036] Pin N2MID[6] is outside die area.
[GRT-0036] Pin N4BEG[12] is outside die area.
[GRT-0036] Pin N4BEG[13] is outside die area.
[GRT-0036] Pin N4BEG[14] is outside die area.
[GRT-0036] Pin N4BEG[15] is outside die area.
[GRT-0036] Pin N4BEG[7] is outside die area.
[GRT-0036] Pin N4BEG[8] is outside die area.
[GRT-0036] Pin N4END[10] is outside die area.
[GRT-0036] Pin N4END[13] is outside die area.
[GRT-0036] Pin N4END[15] is outside die area.
[GRT-0036] Pin N4END[4] is outside die area.
[GRT-0036] Pin N4END[5] is outside die area.
[GRT-0036] Pin N4END[6] is outside die area.
[GRT-0036] Pin N4END[7] is outside die area.
[GRT-0036] Pin N4END[8] is outside die area.
[GRT-0036] Pin N4END[9] is outside die area.
[GRT-0036] Pin NN4BEG[3] is outside die area.
[GRT-0036] Pin NN4BEG[8] is outside die area.
[GRT-0036] Pin NN4END[10] is outside die area.
[GRT-0036] Pin NN4END[11] is outside die area.
[GRT-0036] Pin NN4END[13] is outside die area.
[GRT-0036] Pin NN4END[14] is outside die area.
[GRT-0036] Pin NN4END[15] is outside die area.
[GRT-0036] Pin NN4END[5] is outside die area.
[GRT-0036] Pin NN4END[6] is outside die area.
[GRT-0036] Pin NN4END[9] is outside die area.
[GRT-0036] Pin S1BEG[3] is outside die area.
[GRT-0036] Pin S2BEG[7] is outside die area.
[GRT-0036] Pin S2BEGb[7] is outside die area.
[GRT-0036] Pin S2END[5] is outside die area.
[GRT-0036] Pin S2MID[0] is outside die area.
[GRT-0036] Pin S2MID[2] is outside die area.
[GRT-0036] Pin S2MID[3] is outside die area.
[GRT-0036] Pin S2MID[5] is outside die area.
[GRT-0036] Pin S4BEG[10] is outside die area.
[GRT-0036] Pin S4BEG[12] is outside die area.
[GRT-0036] Pin S4BEG[13] is outside die area.
[GRT-0036] Pin S4BEG[14] is outside die area.
[GRT-0036] Pin S4BEG[15] is outside die area.
[GRT-0036] Pin S4BEG[2] is outside die area.
[GRT-0036] Pin S4BEG[6] is outside die area.
[GRT-0036] Pin S4END[11] is outside die area.
[GRT-0036] Pin S4END[12] is outside die area.
[GRT-0036] Pin S4END[13] is outside die area.
[GRT-0036] Pin S4END[15] is outside die area.
[GRT-0036] Pin S4END[4] is outside die area.
[GRT-0036] Pin S4END[5] is outside die area.
[GRT-0036] Pin S4END[7] is outside die area.
[GRT-0036] Pin S4END[8] is outside die area.
[GRT-0036] Pin SS4BEG[12] is outside die area.
[GRT-0036] Pin SS4BEG[14] is outside die area.
[GRT-0036] Pin SS4BEG[2] is outside die area.
[GRT-0036] Pin SS4BEG[4] is outside die area.
[GRT-0036] Pin SS4END[10] is outside die area.
[GRT-0036] Pin SS4END[11] is outside die area.
[GRT-0036] Pin SS4END[12] is outside die area.
[GRT-0036] Pin SS4END[13] is outside die area.
[GRT-0036] Pin SS4END[14] is outside die area.
[GRT-0036] Pin SS4END[4] is outside die area.
[GRT-0036] Pin SS4END[5] is outside die area.
[GRT-0036] Pin SS4END[7] is outside die area.
[GRT-0036] Pin SS4END[9] is outside die area.
[GRT-0036] Pin W1BEG[2] is outside die area.
[GRT-0036] Pin W1BEG[3] is outside die area.
[GRT-0036] Pin W2BEG[1] is outside die area.
[GRT-0036] Pin W2BEG[2] is outside die area.
[GRT-0036] Pin W2BEG[3] is outside die area.
[GRT-0036] Pin W2BEG[7] is outside die area.
[GRT-0036] Pin W2BEGb[0] is outside die area.
[GRT-0036] Pin W2MID[0] is outside die area.
[GRT-0036] Pin W2MID[2] is outside die area.
[GRT-0036] Pin W2MID[3] is outside die area.
[GRT-0036] Pin W2MID[4] is outside die area.
[GRT-0036] Pin W2MID[5] is outside die area.
[GRT-0036] Pin W2MID[6] is outside die area.
[GRT-0036] Pin W6BEG[0] is outside die area.
[GRT-0036] Pin W6BEG[2] is outside die area.
[GRT-0036] Pin W6BEG[9] is outside die area.
[GRT-0036] Pin W6END[10] is outside die area.
[GRT-0036] Pin W6END[3] is outside die area.
[GRT-0036] Pin W6END[5] is outside die area.
[GRT-0036] Pin W6END[6] is outside die area.
[GRT-0036] Pin W6END[9] is outside die area.
[GRT-0036] Pin WW4BEG[0] is outside die area.
[GRT-0036] Pin WW4BEG[8] is outside die area.
[GRT-0036] Pin WW4END[10] is outside die area.
[GRT-0036] Pin WW4END[11] is outside die area.
[GRT-0036] Pin WW4END[12] is outside die area.
[GRT-0036] Pin WW4END[13] is outside die area.
[GRT-0036] Pin WW4END[14] is outside die area.
[GRT-0036] Pin WW4END[15] is outside die area.
[GRT-0036] Pin WW4END[5] is outside die area.
[GRT-0036] Pin WW4END[6] is outside die area.
[GRT-0036] Pin WW4END[7] is outside die area.
[GRT-0036] Pin WW4END[8] is outside die area.
[GRT-0036] Pin WW4END[9] is outside die area.
[GRT-0036] Pin E6END[10] is outside die area.
[GRT-0036] Pin Ci is outside die area.
[GRT-0036] Pin Co is outside die area.
[GRT-0036] Pin E1BEG[0] is outside die area.
[GRT-0036] Pin E1BEG[1] is outside die area.
[GRT-0036] Pin E1BEG[2] is outside die area.
[GRT-0036] Pin E1BEG[3] is outside die area.
[GRT-0036] Pin E1END[0] is outside die area.
[GRT-0036] Pin E1END[1] is outside die area.
[GRT-0036] Pin E1END[2] is outside die area.
[GRT-0036] Pin E1END[3] is outside die area.
[GRT-0036] Pin E2BEG[0] is outside die area.
[GRT-0036] Pin E2BEG[1] is outside die area.
[GRT-0036] Pin E2BEG[2] is outside die area.
[GRT-0036] Pin E2BEG[3] is outside die area.
[GRT-0036] Pin E2BEG[4] is outside die area.
[GRT-0036] Pin E2BEG[5] is outside die area.
[GRT-0036] Pin E2BEG[6] is outside die area.
[GRT-0036] Pin E2BEG[7] is outside die area.
[GRT-0036] Pin E2BEGb[0] is outside die area.
[GRT-0036] Pin E2BEGb[1] is outside die area.
[GRT-0036] Pin E2BEGb[2] is outside die area.
[GRT-0036] Pin E2BEGb[3] is outside die area.
[GRT-0036] Pin E2BEGb[4] is outside die area.
[GRT-0036] Pin E2BEGb[5] is outside die area.
[GRT-0036] Pin E2BEGb[6] is outside die area.
[GRT-0036] Pin E2BEGb[7] is outside die area.
[GRT-0036] Pin E2END[0] is outside die area.
[GRT-0036] Pin E2END[1] is outside die area.
[GRT-0036] Pin E2END[2] is outside die area.
[GRT-0036] Pin E2END[3] is outside die area.
[GRT-0036] Pin E2END[4] is outside die area.
[GRT-0036] Pin E2END[5] is outside die area.
[GRT-0036] Pin E2END[6] is outside die area.
[GRT-0036] Pin E2END[7] is outside die area.
[GRT-0036] Pin E2MID[0] is outside die area.
[GRT-0036] Pin E2MID[1] is outside die area.
[GRT-0036] Pin E2MID[2] is outside die area.
[GRT-0036] Pin E2MID[3] is outside die area.
[GRT-0036] Pin E2MID[4] is outside die area.
[GRT-0036] Pin E2MID[5] is outside die area.
[GRT-0036] Pin E2MID[6] is outside die area.
[GRT-0036] Pin E2MID[7] is outside die area.
[GRT-0036] Pin E6BEG[0] is outside die area.
[GRT-0036] Pin E6BEG[10] is outside die area.
[GRT-0036] Pin E6BEG[11] is outside die area.
[GRT-0036] Pin E6BEG[1] is outside die area.
[GRT-0036] Pin E6BEG[2] is outside die area.
[GRT-0036] Pin E6BEG[3] is outside die area.
[GRT-0036] Pin E6BEG[4] is outside die area.
[GRT-0036] Pin E6BEG[5] is outside die area.
[GRT-0036] Pin E6BEG[6] is outside die area.
[GRT-0036] Pin E6BEG[7] is outside die area.
[GRT-0036] Pin E6BEG[8] is outside die area.
[GRT-0036] Pin E6BEG[9] is outside die area.
[GRT-0036] Pin E6END[0] is outside die area.
[GRT-0036] Pin E6END[10] is outside die area.
[GRT-0036] Pin E6END[11] is outside die area.
[GRT-0036] Pin E6END[1] is outside die area.
[GRT-0036] Pin E6END[2] is outside die area.
[GRT-0036] Pin E6END[3] is outside die area.
[GRT-0036] Pin E6END[4] is outside die area.
[GRT-0036] Pin E6END[5] is outside die area.
[GRT-0036] Pin E6END[6] is outside die area.
[GRT-0036] Pin E6END[7] is outside die area.
[GRT-0036] Pin E6END[8] is outside die area.
[GRT-0036] Pin E6END[9] is outside die area.
[GRT-0036] Pin EE4BEG[0] is outside die area.
[GRT-0036] Pin EE4BEG[10] is outside die area.
[GRT-0036] Pin EE4BEG[11] is outside die area.
[GRT-0036] Pin EE4BEG[12] is outside die area.
[GRT-0036] Pin EE4BEG[13] is outside die area.
[GRT-0036] Pin EE4BEG[14] is outside die area.
[GRT-0036] Pin EE4BEG[15] is outside die area.
[GRT-0036] Pin EE4BEG[1] is outside die area.
[GRT-0036] Pin EE4BEG[2] is outside die area.
[GRT-0036] Pin EE4BEG[3] is outside die area.
[GRT-0036] Pin EE4BEG[4] is outside die area.
[GRT-0036] Pin EE4BEG[5] is outside die area.
[GRT-0036] Pin EE4BEG[6] is outside die area.
[GRT-0036] Pin EE4BEG[7] is outside die area.
[GRT-0036] Pin EE4BEG[8] is outside die area.
[GRT-0036] Pin EE4BEG[9] is outside die area.
[GRT-0036] Pin EE4END[0] is outside die area.
[GRT-0036] Pin EE4END[10] is outside die area.
[GRT-0036] Pin EE4END[11] is outside die area.
[GRT-0036] Pin EE4END[12] is outside die area.
[GRT-0036] Pin EE4END[13] is outside die area.
[GRT-0036] Pin EE4END[14] is outside die area.
[GRT-0036] Pin EE4END[15] is outside die area.
[GRT-0036] Pin EE4END[1] is outside die area.
[GRT-0036] Pin EE4END[2] is outside die area.
[GRT-0036] Pin EE4END[3] is outside die area.
[GRT-0036] Pin EE4END[4] is outside die area.
[GRT-0036] Pin EE4END[5] is outside die area.
[GRT-0036] Pin EE4END[6] is outside die area.
[GRT-0036] Pin EE4END[7] is outside die area.
[GRT-0036] Pin EE4END[8] is outside die area.
[GRT-0036] Pin EE4END[9] is outside die area.
[GRT-0036] Pin FrameData[0] is outside die area.
[GRT-0036] Pin FrameData[10] is outside die area.
[GRT-0036] Pin FrameData[11] is outside die area.
[GRT-0036] Pin FrameData[12] is outside die area.
[GRT-0036] Pin FrameData[13] is outside die area.
[GRT-0036] Pin FrameData[14] is outside die area.
[GRT-0036] Pin FrameData[15] is outside die area.
[GRT-0036] Pin FrameData[16] is outside die area.
[GRT-0036] Pin FrameData[17] is outside die area.
[GRT-0036] Pin FrameData[18] is outside die area.
[GRT-0036] Pin FrameData[19] is outside die area.
[GRT-0036] Pin FrameData[1] is outside die area.
[GRT-0036] Pin FrameData[20] is outside die area.
[GRT-0036] Pin FrameData[21] is outside die area.
[GRT-0036] Pin FrameData[22] is outside die area.
[GRT-0036] Pin FrameData[23] is outside die area.
[GRT-0036] Pin FrameData[24] is outside die area.
[GRT-0036] Pin FrameData[25] is outside die area.
[GRT-0036] Pin FrameData[26] is outside die area.
[GRT-0036] Pin FrameData[27] is outside die area.
[GRT-0036] Pin FrameData[28] is outside die area.
[GRT-0036] Pin FrameData[29] is outside die area.
[GRT-0036] Pin FrameData[2] is outside die area.
[GRT-0036] Pin FrameData[30] is outside die area.
[GRT-0036] Pin FrameData[31] is outside die area.
[GRT-0036] Pin FrameData[3] is outside die area.
[GRT-0036] Pin FrameData[4] is outside die area.
[GRT-0036] Pin FrameData[5] is outside die area.
[GRT-0036] Pin FrameData[6] is outside die area.
[GRT-0036] Pin FrameData[7] is outside die area.
[GRT-0036] Pin FrameData[8] is outside die area.
[GRT-0036] Pin FrameData[9] is outside die area.
[GRT-0036] Pin FrameData_O[0] is outside die area.
[GRT-0036] Pin FrameData_O[10] is outside die area.
[GRT-0036] Pin FrameData_O[11] is outside die area.
[GRT-0036] Pin FrameData_O[12] is outside die area.
[GRT-0036] Pin FrameData_O[13] is outside die area.
[GRT-0036] Pin FrameData_O[14] is outside die area.
[GRT-0036] Pin FrameData_O[15] is outside die area.
[GRT-0036] Pin FrameData_O[16] is outside die area.
[GRT-0036] Pin FrameData_O[17] is outside die area.
[GRT-0036] Pin FrameData_O[18] is outside die area.
[GRT-0036] Pin FrameData_O[19] is outside die area.
[GRT-0036] Pin FrameData_O[1] is outside die area.
[GRT-0036] Pin FrameData_O[20] is outside die area.
[GRT-0036] Pin FrameData_O[21] is outside die area.
[GRT-0036] Pin FrameData_O[22] is outside die area.
[GRT-0036] Pin FrameData_O[23] is outside die area.
[GRT-0036] Pin FrameData_O[24] is outside die area.
[GRT-0036] Pin FrameData_O[25] is outside die area.
[GRT-0036] Pin FrameData_O[26] is outside die area.
[GRT-0036] Pin FrameData_O[27] is outside die area.
[GRT-0036] Pin FrameData_O[28] is outside die area.
[GRT-0036] Pin FrameData_O[29] is outside die area.
[GRT-0036] Pin FrameData_O[2] is outside die area.
[GRT-0036] Pin FrameData_O[30] is outside die area.
[GRT-0036] Pin FrameData_O[31] is outside die area.
[GRT-0036] Pin FrameData_O[3] is outside die area.
[GRT-0036] Pin FrameData_O[4] is outside die area.
[GRT-0036] Pin FrameData_O[5] is outside die area.
[GRT-0036] Pin FrameData_O[6] is outside die area.
[GRT-0036] Pin FrameData_O[7] is outside die area.
[GRT-0036] Pin FrameData_O[8] is outside die area.
[GRT-0036] Pin FrameData_O[9] is outside die area.
[GRT-0036] Pin FrameStrobe[0] is outside die area.
[GRT-0036] Pin FrameStrobe[10] is outside die area.
[GRT-0036] Pin FrameStrobe[11] is outside die area.
[GRT-0036] Pin FrameStrobe[12] is outside die area.
[GRT-0036] Pin FrameStrobe[13] is outside die area.
[GRT-0036] Pin FrameStrobe[14] is outside die area.
[GRT-0036] Pin FrameStrobe[15] is outside die area.
[GRT-0036] Pin FrameStrobe[16] is outside die area.
[GRT-0036] Pin FrameStrobe[17] is outside die area.
[GRT-0036] Pin FrameStrobe[18] is outside die area.
[GRT-0036] Pin FrameStrobe[19] is outside die area.
[GRT-0036] Pin FrameStrobe[1] is outside die area.
[GRT-0036] Pin FrameStrobe[2] is outside die area.
[GRT-0036] Pin FrameStrobe[3] is outside die area.
[GRT-0036] Pin FrameStrobe[4] is outside die area.
[GRT-0036] Pin FrameStrobe[5] is outside die area.
[GRT-0036] Pin FrameStrobe[6] is outside die area.
[GRT-0036] Pin FrameStrobe[7] is outside die area.
[GRT-0036] Pin FrameStrobe[8] is outside die area.
[GRT-0036] Pin FrameStrobe[9] is outside die area.
[GRT-0036] Pin FrameStrobe_O[0] is outside die area.
[GRT-0036] Pin FrameStrobe_O[10] is outside die area.
[GRT-0036] Pin FrameStrobe_O[11] is outside die area.
[GRT-0036] Pin FrameStrobe_O[12] is outside die area.
[GRT-0036] Pin FrameStrobe_O[13] is outside die area.
[GRT-0036] Pin FrameStrobe_O[14] is outside die area.
[GRT-0036] Pin FrameStrobe_O[15] is outside die area.
[GRT-0036] Pin FrameStrobe_O[16] is outside die area.
[GRT-0036] Pin FrameStrobe_O[17] is outside die area.
[GRT-0036] Pin FrameStrobe_O[18] is outside die area.
[GRT-0036] Pin FrameStrobe_O[19] is outside die area.
[GRT-0036] Pin FrameStrobe_O[1] is outside die area.
[GRT-0036] Pin FrameStrobe_O[2] is outside die area.
[GRT-0036] Pin FrameStrobe_O[3] is outside die area.
[GRT-0036] Pin FrameStrobe_O[4] is outside die area.
[GRT-0036] Pin FrameStrobe_O[5] is outside die area.
[GRT-0036] Pin FrameStrobe_O[6] is outside die area.
[GRT-0036] Pin FrameStrobe_O[7] is outside die area.
[GRT-0036] Pin FrameStrobe_O[8] is outside die area.
[GRT-0036] Pin FrameStrobe_O[9] is outside die area.
[GRT-0036] Pin N1BEG[0] is outside die area.
[GRT-0036] Pin N1BEG[1] is outside die area.
[GRT-0036] Pin N1BEG[2] is outside die area.
[GRT-0036] Pin N1BEG[3] is outside die area.
[GRT-0036] Pin N1END[0] is outside die area.
[GRT-0036] Pin N1END[1] is outside die area.
[GRT-0036] Pin N1END[2] is outside die area.
[GRT-0036] Pin N1END[3] is outside die area.
[GRT-0036] Pin N2BEG[0] is outside die area.
[GRT-0036] Pin N2BEG[1] is outside die area.
[GRT-0036] Pin N2BEG[2] is outside die area.
[GRT-0036] Pin N2BEG[3] is outside die area.
[GRT-0036] Pin N2BEG[4] is outside die area.
[GRT-0036] Pin N2BEG[5] is outside die area.
[GRT-0036] Pin N2BEG[6] is outside die area.
[GRT-0036] Pin N2BEG[7] is outside die area.
[GRT-0036] Pin N2BEGb[0] is outside die area.
[GRT-0036] Pin N2BEGb[1] is outside die area.
[GRT-0036] Pin N2BEGb[2] is outside die area.
[GRT-0036] Pin N2BEGb[3] is outside die area.
[GRT-0036] Pin N2BEGb[4] is outside die area.
[GRT-0036] Pin N2BEGb[5] is outside die area.
[GRT-0036] Pin N2BEGb[6] is outside die area.
[GRT-0036] Pin N2BEGb[7] is outside die area.
[GRT-0036] Pin N2END[0] is outside die area.
[GRT-0036] Pin N2END[1] is outside die area.
[GRT-0036] Pin N2END[2] is outside die area.
[GRT-0036] Pin N2END[3] is outside die area.
[GRT-0036] Pin N2END[4] is outside die area.
[GRT-0036] Pin N2END[5] is outside die area.
[GRT-0036] Pin N2END[6] is outside die area.
[GRT-0036] Pin N2END[7] is outside die area.
[GRT-0036] Pin N2MID[0] is outside die area.
[GRT-0036] Pin N2MID[1] is outside die area.
[GRT-0036] Pin N2MID[2] is outside die area.
[GRT-0036] Pin N2MID[3] is outside die area.
[GRT-0036] Pin N2MID[4] is outside die area.
[GRT-0036] Pin N2MID[5] is outside die area.
[GRT-0036] Pin N2MID[6] is outside die area.
[GRT-0036] Pin N2MID[7] is outside die area.
[GRT-0036] Pin N4BEG[0] is outside die area.
[GRT-0036] Pin N4BEG[10] is outside die area.
[GRT-0036] Pin N4BEG[11] is outside die area.
[GRT-0036] Pin N4BEG[12] is outside die area.
[GRT-0036] Pin N4BEG[13] is outside die area.
[GRT-0036] Pin N4BEG[14] is outside die area.
[GRT-0036] Pin N4BEG[15] is outside die area.
[GRT-0036] Pin N4BEG[1] is outside die area.
[GRT-0036] Pin N4BEG[2] is outside die area.
[GRT-0036] Pin N4BEG[3] is outside die area.
[GRT-0036] Pin N4BEG[4] is outside die area.
[GRT-0036] Pin N4BEG[5] is outside die area.
[GRT-0036] Pin N4BEG[6] is outside die area.
[GRT-0036] Pin N4BEG[7] is outside die area.
[GRT-0036] Pin N4BEG[8] is outside die area.
[GRT-0036] Pin N4BEG[9] is outside die area.
[GRT-0036] Pin N4END[0] is outside die area.
[GRT-0036] Pin N4END[10] is outside die area.
[GRT-0036] Pin N4END[11] is outside die area.
[GRT-0036] Pin N4END[12] is outside die area.
[GRT-0036] Pin N4END[13] is outside die area.
[GRT-0036] Pin N4END[14] is outside die area.
[GRT-0036] Pin N4END[15] is outside die area.
[GRT-0036] Pin N4END[1] is outside die area.
[GRT-0036] Pin N4END[2] is outside die area.
[GRT-0036] Pin N4END[3] is outside die area.
[GRT-0036] Pin N4END[4] is outside die area.
[GRT-0036] Pin N4END[5] is outside die area.
[GRT-0036] Pin N4END[6] is outside die area.
[GRT-0036] Pin N4END[7] is outside die area.
[GRT-0036] Pin N4END[8] is outside die area.
[GRT-0036] Pin N4END[9] is outside die area.
[GRT-0036] Pin NN4BEG[0] is outside die area.
[GRT-0036] Pin NN4BEG[10] is outside die area.
[GRT-0036] Pin NN4BEG[11] is outside die area.
[GRT-0036] Pin NN4BEG[12] is outside die area.
[GRT-0036] Pin NN4BEG[13] is outside die area.
[GRT-0036] Pin NN4BEG[14] is outside die area.
[GRT-0036] Pin NN4BEG[15] is outside die area.
[GRT-0036] Pin NN4BEG[1] is outside die area.
[GRT-0036] Pin NN4BEG[2] is outside die area.
[GRT-0036] Pin NN4BEG[3] is outside die area.
[GRT-0036] Pin NN4BEG[4] is outside die area.
[GRT-0036] Pin NN4BEG[5] is outside die area.
[GRT-0036] Pin NN4BEG[6] is outside die area.
[GRT-0036] Pin NN4BEG[7] is outside die area.
[GRT-0036] Pin NN4BEG[8] is outside die area.
[GRT-0036] Pin NN4BEG[9] is outside die area.
[GRT-0036] Pin NN4END[0] is outside die area.
[GRT-0036] Pin NN4END[10] is outside die area.
[GRT-0036] Pin NN4END[11] is outside die area.
[GRT-0036] Pin NN4END[12] is outside die area.
[GRT-0036] Pin NN4END[13] is outside die area.
[GRT-0036] Pin NN4END[14] is outside die area.
[GRT-0036] Pin NN4END[15] is outside die area.
[GRT-0036] Pin NN4END[1] is outside die area.
[GRT-0036] Pin NN4END[2] is outside die area.
[GRT-0036] Pin NN4END[3] is outside die area.
[GRT-0036] Pin NN4END[4] is outside die area.
[GRT-0036] Pin NN4END[5] is outside die area.
[GRT-0036] Pin NN4END[6] is outside die area.
[GRT-0036] Pin NN4END[7] is outside die area.
[GRT-0036] Pin NN4END[8] is outside die area.
[GRT-0036] Pin NN4END[9] is outside die area.
[GRT-0036] Pin S1BEG[0] is outside die area.
[GRT-0036] Pin S1BEG[1] is outside die area.
[GRT-0036] Pin S1BEG[2] is outside die area.
[GRT-0036] Pin S1BEG[3] is outside die area.
[GRT-0036] message limit reached, this message will no longer print
[STA-0366] port '__VIRTUAL_CLK__' not found.
[STA-0366] port '__VIRTUAL_CLK__' not found.
[STA-0419] transition time can not be specified for virtual clocks.
[STA-0450] virtual clock __VIRTUAL_CLK__ can not be propagated.
[STA-0366] port '__VIRTUAL_CLK__' not found.
[STA-0366] port '__VIRTUAL_CLK__' not found.
[STA-0419] transition time can not be specified for virtual clocks.
[STA-0450] virtual clock __VIRTUAL_CLK__ can not be propagated.
[STA-0366] port '__VIRTUAL_CLK__' not found.
[STA-0366] port '__VIRTUAL_CLK__' not found.
[STA-0419] transition time can not be specified for virtual clocks.
[STA-0450] virtual clock __VIRTUAL_CLK__ can not be propagated.
[DRT-0349] LEF58_ENCLOSURE with no CUTCLASS is not supported. Skipping for layer mcon
[DRT-0349] LEF58_ENCLOSURE with no CUTCLASS is not supported. Skipping for layer mcon
[DRT-0349] LEF58_ENCLOSURE with no CUTCLASS is not supported. Skipping for layer via
[DRT-0349] LEF58_ENCLOSURE with no CUTCLASS is not supported. Skipping for layer via
[DRT-0349] LEF58_ENCLOSURE with no CUTCLASS is not supported. Skipping for layer via2
[DRT-0349] LEF58_ENCLOSURE with no CUTCLASS is not supported. Skipping for layer via2
[DRT-0349] LEF58_ENCLOSURE with no CUTCLASS is not supported. Skipping for layer via3
[DRT-0349] LEF58_ENCLOSURE with no CUTCLASS is not supported. Skipping for layer via3
[DRT-0349] LEF58_ENCLOSURE with no CUTCLASS is not supported. Skipping for layer via4
[DRT-0349] LEF58_ENCLOSURE with no CUTCLASS is not supported. Skipping for layer via4
[STA-0366] port '__VIRTUAL_CLK__' not found.
[STA-0366] port '__VIRTUAL_CLK__' not found.
[STA-0419] transition time can not be specified for virtual clocks.
[STA-0450] virtual clock __VIRTUAL_CLK__ can not be propagated.
Threshold for Threshold-surpassing long wires is not set. The checker will be skipped.
[STA-0366] port '__VIRTUAL_CLK__' not found.
[STA-0366] port '__VIRTUAL_CLK__' not found.
[STA-0419] transition time can not be specified for virtual clocks.
[STA-0450] virtual clock __VIRTUAL_CLK__ can not be propagated.
'VSRC_LOC_FILES' was not given a value, which may make the results of IR drop analysis inaccurate. If you are not integrating a top-level chip for manufacture, you may ignore this warning, otherwise, see the documentation for 'VSRC_LOC_FILES'.
[STA-0366] port '__VIRTUAL_CLK__' not found.
[STA-0366] port '__VIRTUAL_CLK__' not found.
[STA-0419] transition time can not be specified for virtual clocks.
[STA-0450] virtual clock __VIRTUAL_CLK__ can not be propagated.
