120. Printing statistics.

=== LUT4AB ===

   Number of wires:               1457
   Number of wire bits:           1917
   Number of public wires:         760
   Number of public wire bits:    1220
   Number of ports:                 48
   Number of port bits:            508
   Number of memories:               0
   Number of memory bits:            0
   Number of processes:              0
   Number of cells:               1663
     sky130_fd_sc_hd__a211o_2        5
     sky130_fd_sc_hd__a21bo_2       10
     sky130_fd_sc_hd__a21o_2        19
     sky130_fd_sc_hd__a21oi_2       12
     sky130_fd_sc_hd__a221o_2        7
     sky130_fd_sc_hd__a22o_2        23
     sky130_fd_sc_hd__a2bb2o_2       4
     sky130_fd_sc_hd__a311o_2        3
     sky130_fd_sc_hd__a311oi_2       1
     sky130_fd_sc_hd__a31o_2        10
     sky130_fd_sc_hd__a32o_2         4
     sky130_fd_sc_hd__and2_2         7
     sky130_fd_sc_hd__and2b_2       34
     sky130_fd_sc_hd__and3_2         1
     sky130_fd_sc_hd__buf_2        253
     sky130_fd_sc_hd__dfxtp_2        8
     sky130_fd_sc_hd__dlxtp_1      616
     sky130_fd_sc_hd__inv_2         61
     sky130_fd_sc_hd__mux2_1       139
     sky130_fd_sc_hd__mux4_2       288
     sky130_fd_sc_hd__nand2_2       17
     sky130_fd_sc_hd__nand2b_2      18
     sky130_fd_sc_hd__nor2_2         3
     sky130_fd_sc_hd__o211a_2        7
     sky130_fd_sc_hd__o21a_2        17
     sky130_fd_sc_hd__o21ai_2        4
     sky130_fd_sc_hd__o21ba_2        5
     sky130_fd_sc_hd__o221a_2        8
     sky130_fd_sc_hd__o22a_2        44
     sky130_fd_sc_hd__o2bb2a_2       6
     sky130_fd_sc_hd__o31a_2         2
     sky130_fd_sc_hd__or2_2         24
     sky130_fd_sc_hd__or3b_2         3

   Chip area for module '\LUT4AB': 21662.025600
     of which used for sequential elements: 170.163200 (0.79%)

