Reading OpenROAD database at '/home/kelvin/FABulous_fork.worktrees/gds-flow/demo/Tile/LUT4AB/macro/runs/RUN_2025-09-18_23-54-43/19-openroad-generatepdn/LUT4AB.odb'…
Reading library file at '/home/kelvin/.ciel/ciel/sky130/versions/0fe599b2afb6708d281543108caf8310912f54af/sky130A/libs.ref/sky130_fd_sc_hd/lib/sky130_fd_sc_hd__tt_025C_1v80.lib'…
Reading design constraints file at '/nix/store/381vlqh72qv21j2s2ssfql1j0vg3f44v-FABulous-env/lib/python3.12/site-packages/librelane/scripts/base.sdc'…
[WARNING STA-0366] port '__VIRTUAL_CLK__' not found.
[INFO] Using clock __VIRTUAL_CLK__…
[INFO] Setting output delay to: 2
[INFO] Setting input delay to: 2
[WARNING STA-0366] port '__VIRTUAL_CLK__' not found.
[INFO] Setting load to: 0.033442
[INFO] Setting clock uncertainty to: 0.25
[INFO] Setting clock transition to: 0.1499999999999999944488848768742172978818416595458984375
[WARNING STA-0419] transition time can not be specified for virtual clocks.
[INFO] Setting timing derate to: 5%
[WARNING STA-0450] virtual clock __VIRTUAL_CLK__ can not be propagated.
+ global_placement -density 0.20838 -skip_io -pad_right 0 -pad_left 0 -init_wirelength_coef 0.25
[INFO GPL-0002] DBU: 1000
[INFO GPL-0003] SiteSize: (  0.460  2.720 ) um
[INFO GPL-0004] CoreBBox: (  5.060  5.440 ) ( 494.960 492.320 ) um
[INFO GPL-0006] NumInstances:              5369
[INFO GPL-0007] NumPlaceInstances:         1663
[INFO GPL-0008] NumFixedInstances:         3706
[INFO GPL-0009] NumDummyInstances:            0
[INFO GPL-0010] NumNets:                   1917
[INFO GPL-0011] NumPins:                   6308
[INFO GPL-0012] DieBBox:  (  0.000  0.000 ) ( 500.000 500.000 ) um
[INFO GPL-0013] CoreBBox: (  5.060  5.440 ) ( 494.960 492.320 ) um
[INFO GPL-0016] CoreArea:            238522.512 um^2
[INFO GPL-0017] NonPlaceInstsArea:     5532.806 um^2
[INFO GPL-0018] PlaceInstsArea:       21662.026 um^2
[INFO GPL-0019] Util:                     9.297 %
[INFO GPL-0020] StdInstsArea:         21662.026 um^2
[INFO GPL-0021] MacroInstsArea:           0.000 um^2
[INFO GPL-0031] FillerInit:NumGCells:      3733
[INFO GPL-0032] FillerInit:NumGNets:       1917
[INFO GPL-0033] FillerInit:NumGPins:       6308
[INFO GPL-0023] TargetDensity:            0.208
[INFO GPL-0024] AvrgPlaceInstArea:       13.026 um^2
[INFO GPL-0025] IdealBinArea:            62.510 um^2
[INFO GPL-0026] IdealBinCnt:               3815
[INFO GPL-0027] TotalBinArea:        238522.512 um^2
[INFO GPL-0028] BinCnt:        32     32
[INFO GPL-0029] BinSize: ( 15.310 15.215 )
[INFO GPL-0030] NumBins: 1024
[NesterovSolve] Iter:    1 overflow: 0.991 HPWL: 5674070
[NesterovSolve] Iter:   10 overflow: 0.991 HPWL: 2220569
[NesterovSolve] Iter:   20 overflow: 0.991 HPWL: 2209163
[NesterovSolve] Iter:   30 overflow: 0.991 HPWL: 2208188
[NesterovSolve] Iter:   40 overflow: 0.991 HPWL: 2207983
[NesterovSolve] Iter:   50 overflow: 0.991 HPWL: 2209855
[NesterovSolve] Iter:   60 overflow: 0.991 HPWL: 2213018
[NesterovSolve] Iter:   70 overflow: 0.991 HPWL: 2219186
[NesterovSolve] Iter:   80 overflow: 0.991 HPWL: 2230269
[NesterovSolve] Iter:   90 overflow: 0.991 HPWL: 2247445
[NesterovSolve] Iter:  100 overflow: 0.991 HPWL: 2276200
[NesterovSolve] Iter:  110 overflow: 0.990 HPWL: 2318586
[NesterovSolve] Iter:  120 overflow: 0.990 HPWL: 2379324
[NesterovSolve] Iter:  130 overflow: 0.988 HPWL: 2465714
[NesterovSolve] Iter:  140 overflow: 0.980 HPWL: 2584857
[NesterovSolve] Iter:  150 overflow: 0.968 HPWL: 2751515
[NesterovSolve] Iter:  160 overflow: 0.964 HPWL: 3169692
[NesterovSolve] Iter:  170 overflow: 0.958 HPWL: 5291234
[NesterovSolve] Iter:  180 overflow: 0.934 HPWL: 11212276
[NesterovSolve] Iter:  190 overflow: 0.914 HPWL: 16853917
[NesterovSolve] Iter:  200 overflow: 0.902 HPWL: 19302142
[NesterovSolve] Iter:  210 overflow: 0.869 HPWL: 23253149
[NesterovSolve] Iter:  220 overflow: 0.849 HPWL: 28083104
[NesterovSolve] Iter:  230 overflow: 0.810 HPWL: 31461001
[NesterovSolve] Iter:  240 overflow: 0.769 HPWL: 37208460
[NesterovSolve] Iter:  250 overflow: 0.731 HPWL: 40709079
[NesterovSolve] Iter:  260 overflow: 0.684 HPWL: 45991516
[NesterovSolve] Iter:  270 overflow: 0.638 HPWL: 49514171
[NesterovSolve] Iter:  280 overflow: 0.584 HPWL: 53328598
[NesterovSolve] Iter:  290 overflow: 0.524 HPWL: 57301242
[NesterovSolve] Iter:  300 overflow: 0.459 HPWL: 60397910
[NesterovSolve] Iter:  310 overflow: 0.392 HPWL: 63217082
[NesterovSolve] Iter:  320 overflow: 0.333 HPWL: 65474926
[NesterovSolve] Iter:  330 overflow: 0.291 HPWL: 66475613
[NesterovSolve] Iter:  340 overflow: 0.261 HPWL: 67929142
[NesterovSolve] Iter:  350 overflow: 0.230 HPWL: 68906905
[NesterovSolve] Iter:  360 overflow: 0.198 HPWL: 69434843
[NesterovSolve] Iter:  370 overflow: 0.174 HPWL: 70035563
[NesterovSolve] Iter:  380 overflow: 0.153 HPWL: 70620685
[NesterovSolve] Iter:  390 overflow: 0.130 HPWL: 71030362
[NesterovSolve] Iter:  400 overflow: 0.112 HPWL: 71491771
[NesterovSolve] Iter:  410 overflow: 0.099 HPWL: 71971463
[NesterovSolve] Finished with Overflow: 0.099115
[INFO] Setting RC values…
Setting global connections for newly added cells…
[INFO] Setting global connections...
Updating metrics…
Cell type report:                       Count       Area
  Fill cell                               358    1343.79
  Tap cell                               3348    4189.02
  Buffer                                  253    1266.21
  Inverter                                 61     228.97
  Sequential cell                         624    9419.03
  Multi-Input combinational cell          725   10747.81
  Total                                  5369   27194.83
Writing OpenROAD database to '/home/kelvin/FABulous_fork.worktrees/gds-flow/demo/Tile/LUT4AB/macro/runs/RUN_2025-09-18_23-54-43/22-openroad-globalplacementskipio/LUT4AB.odb'…
Writing netlist to '/home/kelvin/FABulous_fork.worktrees/gds-flow/demo/Tile/LUT4AB/macro/runs/RUN_2025-09-18_23-54-43/22-openroad-globalplacementskipio/LUT4AB.nl.v'…
Writing powered netlist to '/home/kelvin/FABulous_fork.worktrees/gds-flow/demo/Tile/LUT4AB/macro/runs/RUN_2025-09-18_23-54-43/22-openroad-globalplacementskipio/LUT4AB.pnl.v'…
Writing layout to '/home/kelvin/FABulous_fork.worktrees/gds-flow/demo/Tile/LUT4AB/macro/runs/RUN_2025-09-18_23-54-43/22-openroad-globalplacementskipio/LUT4AB.def'…
Writing timing constraints to '/home/kelvin/FABulous_fork.worktrees/gds-flow/demo/Tile/LUT4AB/macro/runs/RUN_2025-09-18_23-54-43/22-openroad-globalplacementskipio/LUT4AB.sdc'…
