Clock: __VIRTUAL_CLK__
Sources: 
Generated: no
Virtual: yes
Propagated: no
Period: 10.000000

===========================================================================
report_clock_properties
============================================================================
Clock                   Period          Waveform
----------------------------------------------------
__VIRTUAL_CLK__      10.000000    0.000000  5.000000

===========================================================================
report_clock_latency
============================================================================
Clock __VIRTUAL_CLK__
rise -> rise
    min     max
0.000000 0.000000 source latency
2.204385         network latency _2105_/CLK
        3.025718 network latency _1596_/GATE
---------------
2.204385 3.025718 latency
        0.821333 skew

rise -> fall
    min     max
0.000000 0.000000 source latency
2.183272         network latency _2105_/CLK
        2.908542 network latency _1596_/GATE
---------------
2.183272 2.908542 latency
        0.725269 skew



===========================================================================
report_clock_min_period
============================================================================
__VIRTUAL_CLK__ period_min = 0.00 fmax = inf
