Reading OpenROAD database at '/home/kelvin/FABulous_fork.worktrees/gds-flow/demo/Tile/LUT4AB/macro/runs/RUN_2025-09-18_23-54-43/22-openroad-globalplacementskipio/LUT4AB.odb'…
Reading library file at '/home/kelvin/.ciel/ciel/sky130/versions/0fe599b2afb6708d281543108caf8310912f54af/sky130A/libs.ref/sky130_fd_sc_hd/lib/sky130_fd_sc_hd__tt_025C_1v80.lib'…
Reading design constraints file at '/nix/store/381vlqh72qv21j2s2ssfql1j0vg3f44v-FABulous-env/lib/python3.12/site-packages/librelane/scripts/base.sdc'…
[WARNING STA-0366] port '__VIRTUAL_CLK__' not found.
[INFO] Using clock __VIRTUAL_CLK__…
[INFO] Setting output delay to: 2
[INFO] Setting input delay to: 2
[WARNING STA-0366] port '__VIRTUAL_CLK__' not found.
[INFO] Setting load to: 0.033442
[INFO] Setting clock uncertainty to: 0.25
[INFO] Setting clock transition to: 0.1499999999999999944488848768742172978818416595458984375
[WARNING STA-0419] transition time can not be specified for virtual clocks.
[INFO] Setting timing derate to: 5%
[WARNING STA-0450] virtual clock __VIRTUAL_CLK__ can not be propagated.
[INFO] place_pins args: -min_distance 3
Found 0 macro blocks.
[INFO PPL-0010] Tentative 0 to set up sections.
[INFO PPL-0001] Number of slots           606
[INFO PPL-0002] Number of I/O             508
[INFO PPL-0003] Number of I/O w/sink      508
[INFO PPL-0004] Number of I/O w/o sink    0
[INFO PPL-0005] Slots per section         200
[INFO PPL-0006] Slots increase factor     0.01
[INFO PPL-0008] Successfully assigned pins to sections.
[INFO PPL-0012] I/O nets HPWL: 92274.34 um.
Setting global connections for newly added cells…
[INFO] Setting global connections...
Updating metrics…
Cell type report:                       Count       Area
  Fill cell                               358    1343.79
  Tap cell                               3348    4189.02
  Buffer                                  253    1266.21
  Inverter                                 61     228.97
  Sequential cell                         624    9419.03
  Multi-Input combinational cell          725   10747.81
  Total                                  5369   27194.83
Writing OpenROAD database to '/home/kelvin/FABulous_fork.worktrees/gds-flow/demo/Tile/LUT4AB/macro/runs/RUN_2025-09-18_23-54-43/23-openroad-ioplacement/LUT4AB.odb'…
Writing netlist to '/home/kelvin/FABulous_fork.worktrees/gds-flow/demo/Tile/LUT4AB/macro/runs/RUN_2025-09-18_23-54-43/23-openroad-ioplacement/LUT4AB.nl.v'…
Writing powered netlist to '/home/kelvin/FABulous_fork.worktrees/gds-flow/demo/Tile/LUT4AB/macro/runs/RUN_2025-09-18_23-54-43/23-openroad-ioplacement/LUT4AB.pnl.v'…
Writing layout to '/home/kelvin/FABulous_fork.worktrees/gds-flow/demo/Tile/LUT4AB/macro/runs/RUN_2025-09-18_23-54-43/23-openroad-ioplacement/LUT4AB.def'…
Writing timing constraints to '/home/kelvin/FABulous_fork.worktrees/gds-flow/demo/Tile/LUT4AB/macro/runs/RUN_2025-09-18_23-54-43/23-openroad-ioplacement/LUT4AB.sdc'…
