Reading OpenROAD database at '/home/kelvin/FABulous_fork.worktrees/gds-flow/demo/Tile/LUT4AB/macro/runs/RUN_2025-09-18_23-54-43/23-openroad-ioplacement/LUT4AB.odb'…
Reading library file at '/home/kelvin/.ciel/ciel/sky130/versions/0fe599b2afb6708d281543108caf8310912f54af/sky130A/libs.ref/sky130_fd_sc_hd/lib/sky130_fd_sc_hd__tt_025C_1v80.lib'…
Reading design constraints file at '/nix/store/381vlqh72qv21j2s2ssfql1j0vg3f44v-FABulous-env/lib/python3.12/site-packages/librelane/scripts/base.sdc'…
[WARNING STA-0366] port '__VIRTUAL_CLK__' not found.
[INFO] Using clock __VIRTUAL_CLK__…
[INFO] Setting output delay to: 2
[INFO] Setting input delay to: 2
[WARNING STA-0366] port '__VIRTUAL_CLK__' not found.
[INFO] Setting load to: 0.033442
[INFO] Setting clock uncertainty to: 0.25
[INFO] Setting clock transition to: 0.1499999999999999944488848768742172978818416595458984375
[WARNING STA-0419] transition time can not be specified for virtual clocks.
[INFO] Setting timing derate to: 5%
[WARNING STA-0450] virtual clock __VIRTUAL_CLK__ can not be propagated.
[INFO] Setting RC values…
[INFO] Setting signal min routing layer to: met1 and clock min routing layer to met1. 
[INFO] Setting signal max routing layer to: met5 and clock max routing layer to met5. 
+ global_placement -density 0.20838 -timing_driven -routability_driven -pad_right 0 -pad_left 0 -init_wirelength_coef 0.25
[INFO GPL-0002] DBU: 1000
[INFO GPL-0003] SiteSize: (  0.460  2.720 ) um
[INFO GPL-0004] CoreBBox: (  5.060  5.440 ) ( 494.960 492.320 ) um
[INFO GPL-0006] NumInstances:              5369
[INFO GPL-0007] NumPlaceInstances:         1663
[INFO GPL-0008] NumFixedInstances:         3706
[INFO GPL-0009] NumDummyInstances:            0
[INFO GPL-0010] NumNets:                   1917
[INFO GPL-0011] NumPins:                   6816
[INFO GPL-0012] DieBBox:  (  0.000  0.000 ) ( 500.000 500.000 ) um
[INFO GPL-0013] CoreBBox: (  5.060  5.440 ) ( 494.960 492.320 ) um
[INFO GPL-0016] CoreArea:            238522.512 um^2
[INFO GPL-0017] NonPlaceInstsArea:     5532.806 um^2
[INFO GPL-0018] PlaceInstsArea:       21662.026 um^2
[INFO GPL-0019] Util:                     9.297 %
[INFO GPL-0020] StdInstsArea:         21662.026 um^2
[INFO GPL-0021] MacroInstsArea:           0.000 um^2
[InitialPlace]  Iter: 1 CG residual: 0.00002546 HPWL: 143033599
[InitialPlace]  Iter: 2 CG residual: 0.00000353 HPWL: 128046852
[InitialPlace]  Iter: 3 CG residual: 0.00000248 HPWL: 117415525
[InitialPlace]  Iter: 4 CG residual: 0.00000011 HPWL: 108283111
[InitialPlace]  Iter: 5 CG residual: 0.00000009 HPWL: 104346018
[INFO GPL-0031] FillerInit:NumGCells:      3733
[INFO GPL-0032] FillerInit:NumGNets:       1917
[INFO GPL-0033] FillerInit:NumGPins:       6816
[INFO GPL-0023] TargetDensity:            0.208
[INFO GPL-0024] AvrgPlaceInstArea:       13.026 um^2
[INFO GPL-0025] IdealBinArea:            62.510 um^2
[INFO GPL-0026] IdealBinCnt:               3815
[INFO GPL-0027] TotalBinArea:        238522.512 um^2
[INFO GPL-0028] BinCnt:        32     32
[INFO GPL-0029] BinSize: ( 15.310 15.215 )
[INFO GPL-0030] NumBins: 1024
[NesterovSolve] Iter:    1 overflow: 0.878 HPWL: 101484498
[INFO GPL-0100] Timing-driven: executing resizer for reweighting nets.
[INFO GPL-0101] Timing-driven: worst slack -3.43e-08
[INFO GPL-0103] Timing-driven: weighted 190 nets.
[NesterovSolve] Iter:   10 overflow: 0.704 HPWL: 116325575
[NesterovSolve] Iter:   20 overflow: 0.680 HPWL: 116282356
[NesterovSolve] Iter:   30 overflow: 0.682 HPWL: 116161163
[NesterovSolve] Iter:   40 overflow: 0.686 HPWL: 116201466
[NesterovSolve] Iter:   50 overflow: 0.686 HPWL: 116160141
[NesterovSolve] Iter:   60 overflow: 0.687 HPWL: 116152187
[NesterovSolve] Iter:   70 overflow: 0.686 HPWL: 116173944
[NesterovSolve] Iter:   80 overflow: 0.685 HPWL: 116163843
[NesterovSolve] Iter:   90 overflow: 0.686 HPWL: 116156607
[NesterovSolve] Iter:  100 overflow: 0.686 HPWL: 116169319
[NesterovSolve] Iter:  110 overflow: 0.686 HPWL: 116196180
[NesterovSolve] Iter:  120 overflow: 0.685 HPWL: 116231222
[NesterovSolve] Iter:  130 overflow: 0.684 HPWL: 116280167
[NesterovSolve] Iter:  140 overflow: 0.683 HPWL: 116355218
[NesterovSolve] Iter:  150 overflow: 0.681 HPWL: 116473192
[NesterovSolve] Iter:  160 overflow: 0.677 HPWL: 116629071
[NesterovSolve] Iter:  170 overflow: 0.670 HPWL: 116796494
[NesterovSolve] Iter:  180 overflow: 0.663 HPWL: 116982155
[NesterovSolve] Iter:  190 overflow: 0.653 HPWL: 117140785
[NesterovSolve] Iter:  200 overflow: 0.634 HPWL: 117359554
[INFO GPL-0100] Timing-driven: executing resizer for reweighting nets.
[INFO GPL-0101] Timing-driven: worst slack -3.45e-08
[INFO GPL-0103] Timing-driven: weighted 191 nets.
[NesterovSolve] Iter:  210 overflow: 0.606 HPWL: 118266108
[NesterovSolve] Snapshot saved at iter = 213
[NesterovSolve] Iter:  220 overflow: 0.583 HPWL: 117816642
[NesterovSolve] Iter:  230 overflow: 0.549 HPWL: 117498348
[NesterovSolve] Iter:  240 overflow: 0.511 HPWL: 116928441
[INFO GPL-0100] Timing-driven: executing resizer for reweighting nets.
[INFO GPL-0101] Timing-driven: worst slack -2.99e-08
[INFO GPL-0103] Timing-driven: weighted 191 nets.
[NesterovSolve] Iter:  250 overflow: 0.463 HPWL: 116129794
[NesterovSolve] Iter:  260 overflow: 0.411 HPWL: 114886998
[NesterovSolve] Iter:  270 overflow: 0.360 HPWL: 113867742
[NesterovSolve] Iter:  280 overflow: 0.316 HPWL: 113116177
[INFO GPL-0075] Routability numCall: 1 inflationIterCnt: 1 bloatIterCnt: 0
[INFO GPL-0036] TileBBox: (    0    0 ) ( 6900 6900 ) DBU
[INFO GPL-0038] TileCnt:      72   72
[INFO GPL-0040] NumTiles: 5184
[INFO GPL-0081] TotalRouteOverflow: 0
[INFO GPL-0082] OverflowTileCnt: 0
[INFO GPL-0083] 0.5%RC: 0.7817157690341656
[INFO GPL-0084] 1.0%RC: 0.7471977208669369
[INFO GPL-0085] 2.0%RC: 0.7121564826140037
[INFO GPL-0086] 5.0%RC: 0.6623178674624517
[INFO GPL-0087] FinalRC: 0.76445675
[INFO GPL-0077] FinalRC lower than targetRC(1.01), routability not needed.
[NesterovSolve] Iter:  290 overflow: 0.290 HPWL: 113327843
[INFO GPL-0100] Timing-driven: executing resizer for reweighting nets.
[INFO GPL-0101] Timing-driven: worst slack -3.43e-08
[INFO GPL-0103] Timing-driven: weighted 190 nets.
[NesterovSolve] Iter:  300 overflow: 0.258 HPWL: 113683438
[NesterovSolve] Iter:  310 overflow: 0.230 HPWL: 113542604
[INFO GPL-0100] Timing-driven: executing resizer for reweighting nets.
[INFO GPL-0101] Timing-driven: worst slack -3.3e-08
[INFO GPL-0103] Timing-driven: weighted 191 nets.
[NesterovSolve] Iter:  320 overflow: 0.199 HPWL: 113089319
[NesterovSolve] Iter:  330 overflow: 0.176 HPWL: 113833612
[NesterovSolve] Iter:  340 overflow: 0.167 HPWL: 113589078
[INFO GPL-0100] Timing-driven: executing resizer for reweighting nets.
[INFO GPL-0101] Timing-driven: worst slack -3.29e-08
[INFO GPL-0103] Timing-driven: weighted 190 nets.
[NesterovSolve] Iter:  350 overflow: 0.141 HPWL: 113407108
[NesterovSolve] Iter:  360 overflow: 0.124 HPWL: 113411524
[NesterovSolve] Iter:  370 overflow: 0.110 HPWL: 113707242
[NesterovSolve] Finished with Overflow: 0.099763
[INFO] Setting RC values…
Setting global connections for newly added cells…
[INFO] Setting global connections...
Updating metrics…
Cell type report:                       Count       Area
  Fill cell                               358    1343.79
  Tap cell                               3348    4189.02
  Buffer                                  253    1266.21
  Inverter                                 61     228.97
  Sequential cell                         624    9419.03
  Multi-Input combinational cell          725   10747.81
  Total                                  5369   27194.83
Writing OpenROAD database to '/home/kelvin/FABulous_fork.worktrees/gds-flow/demo/Tile/LUT4AB/macro/runs/RUN_2025-09-18_23-54-43/26-openroad-globalplacement/LUT4AB.odb'…
Writing netlist to '/home/kelvin/FABulous_fork.worktrees/gds-flow/demo/Tile/LUT4AB/macro/runs/RUN_2025-09-18_23-54-43/26-openroad-globalplacement/LUT4AB.nl.v'…
Writing powered netlist to '/home/kelvin/FABulous_fork.worktrees/gds-flow/demo/Tile/LUT4AB/macro/runs/RUN_2025-09-18_23-54-43/26-openroad-globalplacement/LUT4AB.pnl.v'…
Writing layout to '/home/kelvin/FABulous_fork.worktrees/gds-flow/demo/Tile/LUT4AB/macro/runs/RUN_2025-09-18_23-54-43/26-openroad-globalplacement/LUT4AB.def'…
Writing timing constraints to '/home/kelvin/FABulous_fork.worktrees/gds-flow/demo/Tile/LUT4AB/macro/runs/RUN_2025-09-18_23-54-43/26-openroad-globalplacement/LUT4AB.sdc'…
