                                                                        Cells by Master                                                                         
┏━━━━━━━━━━━━━━━━━━━━━━━━━━━━━━━━━━━━━━━━━━━━━━━━━━━━━━━━━━━━━━━━━━━━━━━━━━━━━━━━━━━━━━━━━━━━━━━━━━━━━━━━━━━━━━━━━━━━━━━━━━━━━━━━━━┳━━━━━━━━━━━━━━━━━━━━━━━━━━━┓
┃ Cell                                                                                                                             ┃ Count                     ┃
┡━━━━━━━━━━━━━━━━━━━━━━━━━━━━━━━━━━━━━━━━━━━━━━━━━━━━━━━━━━━━━━━━━━━━━━━━━━━━━━━━━━━━━━━━━━━━━━━━━━━━━━━━━━━━━━━━━━━━━━━━━━━━━━━━━━╇━━━━━━━━━━━━━━━━━━━━━━━━━━━┩
│ sky130_ef_sc_hd__decap_12                                                                                                        │ 11393                     │
│ sky130_fd_sc_hd__a211o_1                                                                                                         │ 4                         │
│ sky130_fd_sc_hd__a211o_4                                                                                                         │ 1                         │
│ sky130_fd_sc_hd__a21bo_1                                                                                                         │ 10                        │
│ sky130_fd_sc_hd__a21o_1                                                                                                          │ 19                        │
│ sky130_fd_sc_hd__a21oi_1                                                                                                         │ 10                        │
│ sky130_fd_sc_hd__a21oi_4                                                                                                         │ 2                         │
│ sky130_fd_sc_hd__a221o_1                                                                                                         │ 7                         │
│ sky130_fd_sc_hd__a22o_1                                                                                                          │ 15                        │
│ sky130_fd_sc_hd__a22o_4                                                                                                          │ 8                         │
│ sky130_fd_sc_hd__a2bb2o_1                                                                                                        │ 2                         │
│ sky130_fd_sc_hd__a2bb2o_4                                                                                                        │ 2                         │
│ sky130_fd_sc_hd__a311o_1                                                                                                         │ 1                         │
│ sky130_fd_sc_hd__a311o_4                                                                                                         │ 2                         │
│ sky130_fd_sc_hd__a311oi_2                                                                                                        │ 1                         │
│ sky130_fd_sc_hd__a31o_1                                                                                                          │ 7                         │
│ sky130_fd_sc_hd__a31o_4                                                                                                          │ 3                         │
│ sky130_fd_sc_hd__a32o_1                                                                                                          │ 4                         │
│ sky130_fd_sc_hd__and2_1                                                                                                          │ 3                         │
│ sky130_fd_sc_hd__and2_2                                                                                                          │ 1                         │
│ sky130_fd_sc_hd__and2_4                                                                                                          │ 3                         │
│ sky130_fd_sc_hd__and2b_1                                                                                                         │ 34                        │
│ sky130_fd_sc_hd__and3_1                                                                                                          │ 1                         │
│ sky130_fd_sc_hd__buf_1                                                                                                           │ 29                        │
│ sky130_fd_sc_hd__buf_12                                                                                                          │ 13                        │
│ sky130_fd_sc_hd__buf_2                                                                                                           │ 260                       │
│ sky130_fd_sc_hd__buf_4                                                                                                           │ 60                        │
│ sky130_fd_sc_hd__buf_6                                                                                                           │ 64                        │
│ sky130_fd_sc_hd__buf_8                                                                                                           │ 64                        │
│ sky130_fd_sc_hd__clkbuf_1                                                                                                        │ 188                       │
│ sky130_fd_sc_hd__clkbuf_2                                                                                                        │ 66                        │
│ sky130_fd_sc_hd__clkbuf_4                                                                                                        │ 88                        │
│ sky130_fd_sc_hd__clkbuf_8                                                                                                        │ 32                        │
│ sky130_fd_sc_hd__decap_3                                                                                                         │ 807                       │
│ sky130_fd_sc_hd__decap_4                                                                                                         │ 470                       │
│ sky130_fd_sc_hd__decap_6                                                                                                         │ 2511                      │
│ sky130_fd_sc_hd__decap_8                                                                                                         │ 627                       │
│ sky130_fd_sc_hd__dfxtp_1                                                                                                         │ 8                         │
│ sky130_fd_sc_hd__diode_2                                                                                                         │ 147                       │
│ sky130_fd_sc_hd__dlxtp_1                                                                                                         │ 616                       │
│ sky130_fd_sc_hd__dlygate4sd1_1                                                                                                   │ 10                        │
│ sky130_fd_sc_hd__dlymetal6s2s_1                                                                                                  │ 10                        │
│ sky130_fd_sc_hd__fill_1                                                                                                          │ 3086                      │
│ sky130_fd_sc_hd__fill_2                                                                                                          │ 390                       │
│ sky130_fd_sc_hd__inv_2                                                                                                           │ 61                        │
│ sky130_fd_sc_hd__mux2_1                                                                                                          │ 62                        │
│ sky130_fd_sc_hd__mux2_2                                                                                                          │ 2                         │
│ sky130_fd_sc_hd__mux2_4                                                                                                          │ 75                        │
│ sky130_fd_sc_hd__mux2_8                                                                                                          │ 2                         │
│ sky130_fd_sc_hd__mux4_1                                                                                                          │ 146                       │
│ sky130_fd_sc_hd__mux4_2                                                                                                          │ 142                       │
│ sky130_fd_sc_hd__nand2_1                                                                                                         │ 16                        │
│ sky130_fd_sc_hd__nand2_4                                                                                                         │ 1                         │
│ sky130_fd_sc_hd__nand2b_1                                                                                                        │ 16                        │
│ sky130_fd_sc_hd__nand2b_4                                                                                                        │ 2                         │
│ sky130_fd_sc_hd__nor2_2                                                                                                          │ 1                         │
│ sky130_fd_sc_hd__nor2_8                                                                                                          │ 2                         │
│ sky130_fd_sc_hd__o211a_1                                                                                                         │ 6                         │
│ sky130_fd_sc_hd__o211a_4                                                                                                         │ 1                         │
│ sky130_fd_sc_hd__o21a_1                                                                                                          │ 13                        │
│ sky130_fd_sc_hd__o21a_4                                                                                                          │ 4                         │
│ sky130_fd_sc_hd__o21ai_1                                                                                                         │ 2                         │
│ sky130_fd_sc_hd__o21ai_4                                                                                                         │ 2                         │
│ sky130_fd_sc_hd__o21ba_1                                                                                                         │ 5                         │
│ sky130_fd_sc_hd__o221a_1                                                                                                         │ 8                         │
│ sky130_fd_sc_hd__o22a_1                                                                                                          │ 22                        │
│ sky130_fd_sc_hd__o22a_4                                                                                                          │ 22                        │
│ sky130_fd_sc_hd__o2bb2a_1                                                                                                        │ 5                         │
│ sky130_fd_sc_hd__o2bb2a_4                                                                                                        │ 1                         │
│ sky130_fd_sc_hd__o31a_1                                                                                                          │ 2                         │
│ sky130_fd_sc_hd__or2_1                                                                                                           │ 16                        │
│ sky130_fd_sc_hd__or2_2                                                                                                           │ 1                         │
│ sky130_fd_sc_hd__or2_4                                                                                                           │ 7                         │
│ sky130_fd_sc_hd__or3b_1                                                                                                          │ 2                         │
│ sky130_fd_sc_hd__or3b_4                                                                                                          │ 1                         │
│ sky130_fd_sc_hd__tapvpwrvgnd_1                                                                                                   │ 3348                      │
└──────────────────────────────────────────────────────────────────────────────────────────────────────────────────────────────────┴───────────────────────────┘
