[WARNING ORD-0039] .openroad ignored with -python
                                Cells by Master                                 
┏━━━━━━━━━━━━━━━━━━━━━━━━━━━━━━━━━━━━━━━━━━━━━━━━━━━━━━━━━━━━━━━━┳━━━━━━━━━━━━━┓
┃ Cell                                                           ┃ Count       ┃
┡━━━━━━━━━━━━━━━━━━━━━━━━━━━━━━━━━━━━━━━━━━━━━━━━━━━━━━━━━━━━━━━━╇━━━━━━━━━━━━━┩
│ sky130_ef_sc_hd__decap_12                                      │ 11393       │
│ sky130_fd_sc_hd__a211o_1                                       │ 4           │
│ sky130_fd_sc_hd__a211o_4                                       │ 1           │
│ sky130_fd_sc_hd__a21bo_1                                       │ 10          │
│ sky130_fd_sc_hd__a21o_1                                        │ 19          │
│ sky130_fd_sc_hd__a21oi_1                                       │ 10          │
│ sky130_fd_sc_hd__a21oi_4                                       │ 2           │
│ sky130_fd_sc_hd__a221o_1                                       │ 7           │
│ sky130_fd_sc_hd__a22o_1                                        │ 15          │
│ sky130_fd_sc_hd__a22o_4                                        │ 8           │
│ sky130_fd_sc_hd__a2bb2o_1                                      │ 2           │
│ sky130_fd_sc_hd__a2bb2o_4                                      │ 2           │
│ sky130_fd_sc_hd__a311o_1                                       │ 1           │
│ sky130_fd_sc_hd__a311o_4                                       │ 2           │
│ sky130_fd_sc_hd__a311oi_2                                      │ 1           │
│ sky130_fd_sc_hd__a31o_1                                        │ 7           │
│ sky130_fd_sc_hd__a31o_4                                        │ 3           │
│ sky130_fd_sc_hd__a32o_1                                        │ 4           │
│ sky130_fd_sc_hd__and2_1                                        │ 3           │
│ sky130_fd_sc_hd__and2_2                                        │ 1           │
│ sky130_fd_sc_hd__and2_4                                        │ 3           │
│ sky130_fd_sc_hd__and2b_1                                       │ 34          │
│ sky130_fd_sc_hd__and3_1                                        │ 1           │
│ sky130_fd_sc_hd__buf_1                                         │ 29          │
│ sky130_fd_sc_hd__buf_12                                        │ 13          │
│ sky130_fd_sc_hd__buf_2                                         │ 260         │
│ sky130_fd_sc_hd__buf_4                                         │ 60          │
│ sky130_fd_sc_hd__buf_6                                         │ 64          │
│ sky130_fd_sc_hd__buf_8                                         │ 64          │
│ sky130_fd_sc_hd__clkbuf_1                                      │ 188         │
│ sky130_fd_sc_hd__clkbuf_2                                      │ 66          │
│ sky130_fd_sc_hd__clkbuf_4                                      │ 88          │
│ sky130_fd_sc_hd__clkbuf_8                                      │ 32          │
│ sky130_fd_sc_hd__decap_3                                       │ 807         │
│ sky130_fd_sc_hd__decap_4                                       │ 470         │
│ sky130_fd_sc_hd__decap_6                                       │ 2511        │
│ sky130_fd_sc_hd__decap_8                                       │ 627         │
│ sky130_fd_sc_hd__dfxtp_1                                       │ 8           │
│ sky130_fd_sc_hd__diode_2                                       │ 147         │
│ sky130_fd_sc_hd__dlxtp_1                                       │ 616         │
│ sky130_fd_sc_hd__dlygate4sd1_1                                 │ 10          │
│ sky130_fd_sc_hd__dlymetal6s2s_1                                │ 10          │
│ sky130_fd_sc_hd__fill_1                                        │ 3086        │
│ sky130_fd_sc_hd__fill_2                                        │ 390         │
│ sky130_fd_sc_hd__inv_2                                         │ 61          │
│ sky130_fd_sc_hd__mux2_1                                        │ 62          │
│ sky130_fd_sc_hd__mux2_2                                        │ 2           │
│ sky130_fd_sc_hd__mux2_4                                        │ 75          │
│ sky130_fd_sc_hd__mux2_8                                        │ 2           │
│ sky130_fd_sc_hd__mux4_1                                        │ 146         │
│ sky130_fd_sc_hd__mux4_2                                        │ 142         │
│ sky130_fd_sc_hd__nand2_1                                       │ 16          │
│ sky130_fd_sc_hd__nand2_4                                       │ 1           │
│ sky130_fd_sc_hd__nand2b_1                                      │ 16          │
│ sky130_fd_sc_hd__nand2b_4                                      │ 2           │
│ sky130_fd_sc_hd__nor2_2                                        │ 1           │
│ sky130_fd_sc_hd__nor2_8                                        │ 2           │
│ sky130_fd_sc_hd__o211a_1                                       │ 6           │
│ sky130_fd_sc_hd__o211a_4                                       │ 1           │
│ sky130_fd_sc_hd__o21a_1                                        │ 13          │
│ sky130_fd_sc_hd__o21a_4                                        │ 4           │
│ sky130_fd_sc_hd__o21ai_1                                       │ 2           │
│ sky130_fd_sc_hd__o21ai_4                                       │ 2           │
│ sky130_fd_sc_hd__o21ba_1                                       │ 5           │
│ sky130_fd_sc_hd__o221a_1                                       │ 8           │
│ sky130_fd_sc_hd__o22a_1                                        │ 22          │
│ sky130_fd_sc_hd__o22a_4                                        │ 22          │
│ sky130_fd_sc_hd__o2bb2a_1                                      │ 5           │
│ sky130_fd_sc_hd__o2bb2a_4                                      │ 1           │
│ sky130_fd_sc_hd__o31a_1                                        │ 2           │
│ sky130_fd_sc_hd__or2_1                                         │ 16          │
│ sky130_fd_sc_hd__or2_2                                         │ 1           │
│ sky130_fd_sc_hd__or2_4                                         │ 7           │
│ sky130_fd_sc_hd__or3b_1                                        │ 2           │
│ sky130_fd_sc_hd__or3b_4                                        │ 1           │
│ sky130_fd_sc_hd__tapvpwrvgnd_1                                 │ 3348        │
└────────────────────────────────────────────────────────────────┴─────────────┘
                               Cells by Function                                
┏━━━━━━━━━━━━━━━━━━━━━━━━━━━━━━━━━━━━━━━━━━━━━━━━━━━━━━━━━━━━━━━┳━━━━━━━━━━━━━━┓
┃ Cell Function                                                 ┃ Count        ┃
┡━━━━━━━━━━━━━━━━━━━━━━━━━━━━━━━━━━━━━━━━━━━━━━━━━━━━━━━━━━━━━━━╇━━━━━━━━━━━━━━┩
│ sky130_ef_sc_hd__decap                                        │ 11393        │
│ sky130_fd_sc_hd__a211o                                        │ 5            │
│ sky130_fd_sc_hd__a21bo                                        │ 10           │
│ sky130_fd_sc_hd__a21o                                         │ 19           │
│ sky130_fd_sc_hd__a21oi                                        │ 12           │
│ sky130_fd_sc_hd__a221o                                        │ 7            │
│ sky130_fd_sc_hd__a22o                                         │ 23           │
│ sky130_fd_sc_hd__a2bb2o                                       │ 4            │
│ sky130_fd_sc_hd__a311o                                        │ 3            │
│ sky130_fd_sc_hd__a311oi                                       │ 1            │
│ sky130_fd_sc_hd__a31o                                         │ 10           │
│ sky130_fd_sc_hd__a32o                                         │ 4            │
│ sky130_fd_sc_hd__and2                                         │ 7            │
│ sky130_fd_sc_hd__and2b                                        │ 34           │
│ sky130_fd_sc_hd__and3                                         │ 1            │
│ sky130_fd_sc_hd__buf                                          │ 490          │
│ sky130_fd_sc_hd__clkbuf                                       │ 374          │
│ sky130_fd_sc_hd__decap                                        │ 4415         │
│ sky130_fd_sc_hd__dfxtp                                        │ 8            │
│ sky130_fd_sc_hd__diode                                        │ 147          │
│ sky130_fd_sc_hd__dlxtp                                        │ 616          │
│ sky130_fd_sc_hd__dlygate4sd1                                  │ 10           │
│ sky130_fd_sc_hd__dlymetal6s2s                                 │ 10           │
│ sky130_fd_sc_hd__fill                                         │ 3476         │
│ sky130_fd_sc_hd__inv                                          │ 61           │
│ sky130_fd_sc_hd__mux2                                         │ 141          │
│ sky130_fd_sc_hd__mux4                                         │ 288          │
│ sky130_fd_sc_hd__nand2                                        │ 17           │
│ sky130_fd_sc_hd__nand2b                                       │ 18           │
│ sky130_fd_sc_hd__nor2                                         │ 3            │
│ sky130_fd_sc_hd__o211a                                        │ 7            │
│ sky130_fd_sc_hd__o21a                                         │ 17           │
│ sky130_fd_sc_hd__o21ai                                        │ 4            │
│ sky130_fd_sc_hd__o21ba                                        │ 5            │
│ sky130_fd_sc_hd__o221a                                        │ 8            │
│ sky130_fd_sc_hd__o22a                                         │ 44           │
│ sky130_fd_sc_hd__o2bb2a                                       │ 6            │
│ sky130_fd_sc_hd__o31a                                         │ 2            │
│ sky130_fd_sc_hd__or2                                          │ 24           │
│ sky130_fd_sc_hd__or3b                                         │ 3            │
│ sky130_fd_sc_hd__tapvpwrvgnd                                  │ 3348         │
└───────────────────────────────────────────────────────────────┴──────────────┘
                                  Cells by SCL                                  
┏━━━━━━━━━━━━━━━━━━━━━━━━━━━━━━━━━━━━━━━━━━━━━━━━━━━━━━━┳━━━━━━━━━━━━━━━━━━━━━━┓
┃ SCL                                                   ┃ Count                ┃
┡━━━━━━━━━━━━━━━━━━━━━━━━━━━━━━━━━━━━━━━━━━━━━━━━━━━━━━━╇━━━━━━━━━━━━━━━━━━━━━━┩
│ sky130_ef_sc_hd                                       │ 11393                │
│ sky130_fd_sc_hd                                       │ 13682                │
└───────────────────────────────────────────────────────┴──────────────────────┘
                             Buffers by Cell Master                             
┏━━━━━━━━━━━━━━━━━━━━━━━━━━━━━━━━━━━━━━━━━━━━━━━━━━━━━━━━━━━━━━━━┳━━━━━━━━━━━━━┓
┃ Buffer                                                         ┃ Count       ┃
┡━━━━━━━━━━━━━━━━━━━━━━━━━━━━━━━━━━━━━━━━━━━━━━━━━━━━━━━━━━━━━━━━╇━━━━━━━━━━━━━┩
│ sky130_fd_sc_hd__buf_1                                         │ 29          │
│ sky130_fd_sc_hd__buf_12                                        │ 13          │
│ sky130_fd_sc_hd__buf_2                                         │ 260         │
│ sky130_fd_sc_hd__buf_4                                         │ 60          │
│ sky130_fd_sc_hd__buf_6                                         │ 64          │
│ sky130_fd_sc_hd__buf_8                                         │ 64          │
│ sky130_fd_sc_hd__clkbuf_1                                      │ 188         │
│ sky130_fd_sc_hd__clkbuf_2                                      │ 66          │
│ sky130_fd_sc_hd__clkbuf_4                                      │ 88          │
│ sky130_fd_sc_hd__clkbuf_8                                      │ 32          │
│ sky130_fd_sc_hd__dlygate4sd1_1                                 │ 10          │
│ sky130_fd_sc_hd__dlymetal6s2s_1                                │ 10          │
└────────────────────────────────────────────────────────────────┴─────────────┘
