┏━━━━━━━┳━━━━━━━━━┳━━━━━━━━━━┳━━━━━━━━━━━━━━━━━━━━━━━━━━━━━━━━━━┳━━━━━━━━━━━━━┳━━━━━━━┓
┃ P / R ┃ Partial ┃ Required ┃ Net                              ┃ Pin         ┃ Layer ┃
┡━━━━━━━╇━━━━━━━━━╇━━━━━━━━━━╇━━━━━━━━━━━━━━━━━━━━━━━━━━━━━━━━━━╇━━━━━━━━━━━━━╇━━━━━━━┩
│ 5.06  │ 2024.19 │ 400.00   │ net624                           │ _1360_/A3   │ met3  │
│ 1.75  │ 699.44  │ 400.00   │ net585                           │ _1391_/A2   │ met1  │
│ 1.69  │ 675.65  │ 400.00   │ net100                           │ _0839_/A0   │ met1  │
│ 1.58  │ 632.00  │ 400.00   │ net604                           │ _1649_/D    │ met3  │
│ 1.57  │ 627.50  │ 400.00   │ net119                           │ _1096_/A2   │ met1  │
│ 1.47  │ 586.19  │ 400.00   │ net107                           │ _0792_/A0   │ met1  │
│ 1.41  │ 562.57  │ 400.00   │ net26                            │ _0948_/A2   │ met3  │
│ 1.36  │ 543.06  │ 400.00   │ net641                           │ _1245_/A3   │ met1  │
│ 1.30  │ 521.39  │ 400.00   │ net437                           │ _0772_/A2   │ met1  │
│ 1.26  │ 503.96  │ 400.00   │ net493                           │ _2043_/GATE │ met1  │
│ 1.17  │ 468.61  │ 400.00   │ net110                           │ _1391_/A1   │ met1  │
│ 1.17  │ 467.13  │ 400.00   │ net550                           │ _1640_/D    │ met1  │
│ 1.09  │ 435.67  │ 400.00   │ net566                           │ _1823_/D    │ met1  │
│ 1.08  │ 430.19  │ 400.00   │ net606                           │ _1840_/D    │ met1  │
│ 1.07  │ 429.60  │ 400.00   │ Inst_LUT4AB_switch_matrix.S4BEG0 │ _2291_/A    │ met1  │
│ 1.04  │ 414.39  │ 400.00   │ net573                           │ _1596_/D    │ met1  │
└───────┴─────────┴──────────┴──────────────────────────────────┴─────────────┴───────┘
