┏━━━━━━━┳━━━━━━━━━┳━━━━━━━━━━┳━━━━━━━━━━━━━━━━━━━━━━━━━━━━━━━━━━━┳━━━━━━━━━━━━━┳━━━━━━━┓
┃ P / R ┃ Partial ┃ Required ┃ Net                               ┃ Pin         ┃ Layer ┃
┡━━━━━━━╇━━━━━━━━━╇━━━━━━━━━━╇━━━━━━━━━━━━━━━━━━━━━━━━━━━━━━━━━━━╇━━━━━━━━━━━━━╇━━━━━━━┩
│ 5.23  │ 2090.11 │ 400.00   │ net171                            │ output171/A │ met3  │
│ 2.29  │ 916.41  │ 400.00   │ net607                            │ _1839_/D    │ met1  │
│ 2.25  │ 900.78  │ 400.00   │ net78                             │ fanout469/A │ met1  │
│ 2.16  │ 863.62  │ 400.00   │ net569                            │ _1822_/D    │ met1  │
│ 2.09  │ 837.89  │ 400.00   │ net571                            │ _2012_/D    │ met1  │
│ 1.86  │ 744.80  │ 400.00   │ net580                            │ _1944_/D    │ met1  │
│ 1.85  │ 738.32  │ 400.00   │ net567                            │ _1951_/D    │ met1  │
│ 1.75  │ 700.69  │ 400.00   │ net94                             │ _2221_/A    │ met1  │
│ 1.64  │ 655.80  │ 400.00   │ net576                            │ _1658_/D    │ met1  │
│ 1.60  │ 639.36  │ 400.00   │ net162                            │ _1107_/A2   │ met1  │
│ 1.56  │ 622.45  │ 400.00   │ net541                            │ _1932_/D    │ met1  │
│ 1.49  │ 595.42  │ 400.00   │ net591                            │ _1686_/D    │ met1  │
│ 1.49  │ 594.54  │ 400.00   │ net550                            │ _1608_/D    │ met1  │
│ 1.47  │ 589.10  │ 400.00   │ net609                            │ _1646_/D    │ met1  │
│ 1.47  │ 587.24  │ 400.00   │ net574                            │ _1595_/D    │ met1  │
│ 1.47  │ 587.24  │ 400.00   │ net574                            │ _1627_/D    │ met1  │
│ 1.41  │ 563.74  │ 400.00   │ net420                            │ _0831_/A1   │ met1  │
│ 1.40  │ 561.17  │ 400.00   │ _0053_                            │ _1390_/A2   │ met1  │
│ 1.40  │ 559.93  │ 400.00   │ net578                            │ _1689_/D    │ met1  │
│ 1.40  │ 559.11  │ 400.00   │ net110                            │ _0942_/A0   │ met1  │
│ 1.39  │ 557.64  │ 400.00   │ net550                            │ _1991_/D    │ met1  │
│ 1.39  │ 555.78  │ 400.00   │ net651                            │ _0759_/A2   │ met1  │
│ 1.37  │ 549.48  │ 400.00   │ net81                             │ _0918_/A0   │ met1  │
│ 1.37  │ 549.48  │ 400.00   │ net81                             │ _1047_/A0   │ met1  │
│ 1.36  │ 545.83  │ 400.00   │ net618                            │ _0958_/A3   │ met1  │
│ 1.35  │ 540.27  │ 400.00   │ net151                            │ _0767_/A2   │ met1  │
│ 1.35  │ 540.27  │ 400.00   │ net151                            │ _0902_/A1   │ met1  │
│ 1.34  │ 535.26  │ 400.00   │ net477                            │ _1912_/GATE │ met1  │
│ 1.33  │ 533.47  │ 400.00   │ net588                            │ _1572_/D    │ met1  │
│ 1.32  │ 528.81  │ 400.00   │ net3                              │ _0918_/A2   │ met1  │
│ 1.32  │ 528.81  │ 400.00   │ net3                              │ _1047_/A2   │ met1  │
│ 1.29  │ 516.37  │ 400.00   │ net489                            │ _2011_/GATE │ met1  │
│ 1.28  │ 510.21  │ 400.00   │ net16                             │ _0767_/A0   │ met1  │
│ 1.28  │ 510.21  │ 400.00   │ net16                             │ _0902_/A2   │ met1  │
│ 1.25  │ 499.16  │ 400.00   │ net509                            │ _1550_/GATE │ met1  │
│ 1.24  │ 496.34  │ 400.00   │ net444                            │ _1332_/A0   │ met1  │
│ 1.24  │ 495.37  │ 400.00   │ Inst_LUT4AB_switch_matrix.JW2BEG1 │ _1429_/A1   │ met1  │
│ 1.24  │ 494.38  │ 400.00   │ net572                            │ _1692_/D    │ met1  │
│ 1.23  │ 492.36  │ 400.00   │ net545                            │ _1642_/D    │ met1  │
│ 1.23  │ 492.36  │ 400.00   │ net545                            │ _1834_/D    │ met1  │
│ 1.20  │ 479.68  │ 400.00   │ Inst_LUT4AB_switch_matrix.E2BEG1  │ _0755_/A3   │ met1  │
│ 1.20  │ 478.50  │ 400.00   │ net86                             │ _0834_/A2   │ met1  │
│ 1.18  │ 470.56  │ 400.00   │ net82                             │ _0990_/A0   │ met1  │
│ 1.18  │ 470.56  │ 400.00   │ net611                            │ _1869_/D    │ met1  │
│ 1.17  │ 469.90  │ 400.00   │ net59                             │ _1804_/D    │ met1  │
│ 1.17  │ 467.53  │ 400.00   │ net40                             │ _1847_/D    │ met1  │
│ 1.16  │ 464.84  │ 400.00   │ net547                            │ _1929_/D    │ met1  │
│ 1.16  │ 464.83  │ 400.00   │ net441                            │ _0761_/A2   │ met1  │
│ 1.16  │ 462.00  │ 400.00   │ net22                             │ _0839_/A1   │ met1  │
│ 1.15  │ 461.56  │ 400.00   │ net429                            │ _1411_/A0   │ met1  │
│ 1.15  │ 461.49  │ 400.00   │ net540                            │ _2077_/GATE │ met2  │
│ 1.14  │ 456.10  │ 400.00   │ net569                            │ _2182_/A    │ met1  │
│ 1.11  │ 442.55  │ 400.00   │ net602                            │ _1585_/D    │ met1  │
│ 1.11  │ 442.55  │ 400.00   │ net602                            │ _1809_/D    │ met1  │
│ 1.10  │ 440.89  │ 400.00   │ net570                            │ _1949_/D    │ met1  │
│ 1.10  │ 440.44  │ 400.00   │ Inst_LUT4AB_switch_matrix.E2BEG4  │ _1196_/A2   │ met1  │
│ 1.10  │ 439.24  │ 400.00   │ net496                            │ _2057_/GATE │ met1  │
│ 1.09  │ 437.28  │ 400.00   │ net562                            │ _1701_/D    │ met1  │
│ 1.09  │ 436.78  │ 400.00   │ net450                            │ _1284_/A1   │ met1  │
│ 1.09  │ 436.31  │ 400.00   │ net555                            │ _1989_/D    │ met1  │
│ 1.09  │ 435.94  │ 400.00   │ net660                            │ _0832_/A3   │ met1  │
│ 1.09  │ 435.28  │ 400.00   │ net488                            │ _1998_/GATE │ met1  │
│ 1.08  │ 433.06  │ 400.00   │ net158                            │ _1295_/A3   │ met1  │
│ 1.08  │ 433.00  │ 400.00   │ Inst_LUT4AB_switch_matrix.JW2BEG6 │ _1194_/A1   │ met1  │
│ 1.08  │ 431.89  │ 400.00   │ net539                            │ _2091_/GATE │ met1  │
│ 1.08  │ 430.23  │ 400.00   │ net100                            │ _0775_/A2   │ met3  │
│ 1.08  │ 430.23  │ 400.00   │ net100                            │ _1424_/A2   │ met3  │
│ 1.08  │ 430.17  │ 400.00   │ net585                            │ _0802_/A1   │ met1  │
│ 1.08  │ 430.17  │ 400.00   │ net585                            │ _1354_/A_N  │ met1  │
│ 1.08  │ 430.17  │ 400.00   │ net585                            │ _1362_/A0   │ met1  │
│ 1.05  │ 420.91  │ 400.00   │ net185                            │ output185/A │ met1  │
│ 1.03  │ 412.80  │ 400.00   │ net594                            │ _1717_/D    │ met1  │
│ 1.03  │ 410.62  │ 400.00   │ net482                            │ _1953_/GATE │ met1  │
│ 1.03  │ 410.20  │ 400.00   │ net133                            │ _0952_/A2   │ met1  │
│ 1.02  │ 407.17  │ 400.00   │ net122                            │ _0767_/A1   │ met1  │
│ 1.02  │ 407.17  │ 400.00   │ net122                            │ _2273_/A    │ met1  │
│ 1.02  │ 406.04  │ 400.00   │ net478                            │ _1920_/GATE │ met1  │
│ 1.01  │ 405.52  │ 400.00   │ Inst_LUT4AB_switch_matrix.JS2BEG4 │ _1196_/A1   │ met1  │
│ 1.01  │ 402.50  │ 400.00   │ Inst_LUT4AB_switch_matrix.E2BEG2  │ _1416_/A2   │ met1  │
│ 1.00  │ 400.77  │ 400.00   │ net103                            │ _0887_/A1   │ met1  │
└───────┴─────────┴──────────┴───────────────────────────────────┴─────────────┴───────┘
