Reading OpenROAD database at '/home/kelvin/FABulous_fork.worktrees/gds-flow/demo/Tile/LUT4AB/macro/runs/RUN_2025-09-18_23-53-55/19-openroad-generatepdn/LUT4AB.odb'…
Reading library file at '/home/kelvin/.ciel/ciel/sky130/versions/0fe599b2afb6708d281543108caf8310912f54af/sky130A/libs.ref/sky130_fd_sc_hd/lib/sky130_fd_sc_hd__tt_025C_1v80.lib'…
Reading design constraints file at '/nix/store/381vlqh72qv21j2s2ssfql1j0vg3f44v-FABulous-env/lib/python3.12/site-packages/librelane/scripts/base.sdc'…
[WARNING STA-0366] port '__VIRTUAL_CLK__' not found.
[INFO] Using clock __VIRTUAL_CLK__…
[INFO] Setting output delay to: 2
[INFO] Setting input delay to: 2
[WARNING STA-0366] port '__VIRTUAL_CLK__' not found.
[INFO] Setting load to: 0.033442
[INFO] Setting clock uncertainty to: 0.25
[INFO] Setting clock transition to: 0.1499999999999999944488848768742172978818416595458984375
[WARNING STA-0419] transition time can not be specified for virtual clocks.
[INFO] Setting timing derate to: 5%
[WARNING STA-0450] virtual clock __VIRTUAL_CLK__ can not be propagated.
+ global_placement -density 0.495284 -skip_io -pad_right 0 -pad_left 0 -init_wirelength_coef 0.25
[INFO GPL-0002] DBU: 1000
[INFO GPL-0003] SiteSize: (  0.460  2.720 ) um
[INFO GPL-0004] CoreBBox: (  5.060  5.440 ) ( 244.720 244.800 ) um
[INFO GPL-0006] NumInstances:              2649
[INFO GPL-0007] NumPlaceInstances:         1663
[INFO GPL-0008] NumFixedInstances:          986
[INFO GPL-0009] NumDummyInstances:            0
[INFO GPL-0010] NumNets:                   1917
[INFO GPL-0011] NumPins:                   6308
[INFO GPL-0012] DieBBox:  (  0.000  0.000 ) ( 250.000 250.000 ) um
[INFO GPL-0013] CoreBBox: (  5.060  5.440 ) ( 244.720 244.800 ) um
[INFO GPL-0016] CoreArea:             57365.018 um^2
[INFO GPL-0017] NonPlaceInstsArea:     1674.106 um^2
[INFO GPL-0018] PlaceInstsArea:       21662.026 um^2
[INFO GPL-0019] Util:                    38.897 %
[INFO GPL-0020] StdInstsArea:         21662.026 um^2
[INFO GPL-0021] MacroInstsArea:           0.000 um^2
[INFO GPL-0031] FillerInit:NumGCells:      2118
[INFO GPL-0032] FillerInit:NumGNets:       1917
[INFO GPL-0033] FillerInit:NumGPins:       6308
[INFO GPL-0023] TargetDensity:            0.495
[INFO GPL-0024] AvrgPlaceInstArea:       13.026 um^2
[INFO GPL-0025] IdealBinArea:            26.300 um^2
[INFO GPL-0026] IdealBinCnt:               2181
[INFO GPL-0027] TotalBinArea:         57365.018 um^2
[INFO GPL-0028] BinCnt:        32     32
[INFO GPL-0029] BinSize: (  7.490  7.480 )
[INFO GPL-0030] NumBins: 1024
[NesterovSolve] Iter:    1 overflow: 0.995 HPWL: 4931388
[NesterovSolve] Iter:   10 overflow: 0.990 HPWL: 2218582
[NesterovSolve] Iter:   20 overflow: 0.990 HPWL: 2208818
[NesterovSolve] Iter:   30 overflow: 0.990 HPWL: 2207620
[NesterovSolve] Iter:   40 overflow: 0.990 HPWL: 2206855
[NesterovSolve] Iter:   50 overflow: 0.990 HPWL: 2207306
[NesterovSolve] Iter:   60 overflow: 0.990 HPWL: 2207980
[NesterovSolve] Iter:   70 overflow: 0.990 HPWL: 2210313
[NesterovSolve] Iter:   80 overflow: 0.990 HPWL: 2216344
[NesterovSolve] Iter:   90 overflow: 0.990 HPWL: 2228043
[NesterovSolve] Iter:  100 overflow: 0.990 HPWL: 2246536
[NesterovSolve] Iter:  110 overflow: 0.988 HPWL: 2280935
[NesterovSolve] Iter:  120 overflow: 0.982 HPWL: 2351518
[NesterovSolve] Iter:  130 overflow: 0.971 HPWL: 2478778
[NesterovSolve] Iter:  140 overflow: 0.968 HPWL: 2789449
[NesterovSolve] Iter:  150 overflow: 0.960 HPWL: 3903457
[NesterovSolve] Iter:  160 overflow: 0.949 HPWL: 6528385
[NesterovSolve] Iter:  170 overflow: 0.936 HPWL: 9036307
[NesterovSolve] Iter:  180 overflow: 0.923 HPWL: 10429059
[NesterovSolve] Iter:  190 overflow: 0.900 HPWL: 13149648
[NesterovSolve] Iter:  200 overflow: 0.879 HPWL: 15627075
[NesterovSolve] Iter:  210 overflow: 0.849 HPWL: 18389634
[NesterovSolve] Iter:  220 overflow: 0.815 HPWL: 21189164
[NesterovSolve] Iter:  230 overflow: 0.778 HPWL: 24145675
[NesterovSolve] Iter:  240 overflow: 0.737 HPWL: 26726581
[NesterovSolve] Iter:  250 overflow: 0.690 HPWL: 29432373
[NesterovSolve] Iter:  260 overflow: 0.640 HPWL: 32025184
[NesterovSolve] Iter:  270 overflow: 0.585 HPWL: 34663309
[NesterovSolve] Iter:  280 overflow: 0.526 HPWL: 37148422
[NesterovSolve] Iter:  290 overflow: 0.455 HPWL: 39548269
[NesterovSolve] Iter:  300 overflow: 0.391 HPWL: 41713142
[NesterovSolve] Iter:  310 overflow: 0.351 HPWL: 43334629
[NesterovSolve] Iter:  320 overflow: 0.309 HPWL: 44149519
[NesterovSolve] Iter:  330 overflow: 0.278 HPWL: 44925403
[NesterovSolve] Iter:  340 overflow: 0.252 HPWL: 45419410
[NesterovSolve] Iter:  350 overflow: 0.223 HPWL: 45923817
[NesterovSolve] Iter:  360 overflow: 0.196 HPWL: 46292021
[NesterovSolve] Iter:  370 overflow: 0.172 HPWL: 46620119
[NesterovSolve] Iter:  380 overflow: 0.151 HPWL: 46957794
[NesterovSolve] Iter:  390 overflow: 0.127 HPWL: 47252192
[NesterovSolve] Iter:  400 overflow: 0.107 HPWL: 47518773
[NesterovSolve] Finished with Overflow: 0.098790
[INFO] Setting RC values…
Setting global connections for newly added cells…
[INFO] Setting global connections...
Updating metrics…
Cell type report:                       Count       Area
  Fill cell                               176     660.63
  Tap cell                                810    1013.47
  Buffer                                  253    1266.21
  Inverter                                 61     228.97
  Sequential cell                         624    9419.03
  Multi-Input combinational cell          725   10747.81
  Total                                  2649   23336.13
Writing OpenROAD database to '/home/kelvin/FABulous_fork.worktrees/gds-flow/demo/Tile/LUT4AB/macro/runs/RUN_2025-09-18_23-53-55/22-openroad-globalplacementskipio/LUT4AB.odb'…
Writing netlist to '/home/kelvin/FABulous_fork.worktrees/gds-flow/demo/Tile/LUT4AB/macro/runs/RUN_2025-09-18_23-53-55/22-openroad-globalplacementskipio/LUT4AB.nl.v'…
Writing powered netlist to '/home/kelvin/FABulous_fork.worktrees/gds-flow/demo/Tile/LUT4AB/macro/runs/RUN_2025-09-18_23-53-55/22-openroad-globalplacementskipio/LUT4AB.pnl.v'…
Writing layout to '/home/kelvin/FABulous_fork.worktrees/gds-flow/demo/Tile/LUT4AB/macro/runs/RUN_2025-09-18_23-53-55/22-openroad-globalplacementskipio/LUT4AB.def'…
Writing timing constraints to '/home/kelvin/FABulous_fork.worktrees/gds-flow/demo/Tile/LUT4AB/macro/runs/RUN_2025-09-18_23-53-55/22-openroad-globalplacementskipio/LUT4AB.sdc'…
