Reading library file at '/home/kelvin/.ciel/ciel/sky130/versions/0fe599b2afb6708d281543108caf8310912f54af/sky130A/libs.ref/sky130_fd_sc_hd/lib/sky130_fd_sc_hd__tt_025C_1v80.lib'…
Reading technology LEF file at '/home/kelvin/.ciel/ciel/sky130/versions/0fe599b2afb6708d281543108caf8310912f54af/sky130A/libs.ref/sky130_fd_sc_hd/techlef/sky130_fd_sc_hd__nom.tlef'…
[INFO ODB-0227] LEF file: /home/kelvin/.ciel/ciel/sky130/versions/0fe599b2afb6708d281543108caf8310912f54af/sky130A/libs.ref/sky130_fd_sc_hd/techlef/sky130_fd_sc_hd__nom.tlef, created 14 layers, 25 vias
Reading cell LEF file at '/home/kelvin/.ciel/ciel/sky130/versions/0fe599b2afb6708d281543108caf8310912f54af/sky130A/libs.ref/sky130_fd_sc_hd/lef/sky130_fd_sc_hd.lef'…
[WARNING ODB-0220] WARNING (LEFPARS-2008): NOWIREEXTENSIONATPIN statement is obsolete in version 5.6 or later.
The NOWIREEXTENSIONATPIN statement will be ignored. See file /home/kelvin/.ciel/ciel/sky130/versions/0fe599b2afb6708d281543108caf8310912f54af/sky130A/libs.ref/sky130_fd_sc_hd/lef/sky130_fd_sc_hd.lef at line 2.

[INFO ODB-0227] LEF file: /home/kelvin/.ciel/ciel/sky130/versions/0fe599b2afb6708d281543108caf8310912f54af/sky130A/libs.ref/sky130_fd_sc_hd/lef/sky130_fd_sc_hd.lef, created 437 library cells
Reading cell LEF file at '/home/kelvin/.ciel/ciel/sky130/versions/0fe599b2afb6708d281543108caf8310912f54af/sky130A/libs.ref/sky130_fd_sc_hd/lef/sky130_ef_sc_hd.lef'…
[WARNING ODB-0220] WARNING (LEFPARS-2008): NOWIREEXTENSIONATPIN statement is obsolete in version 5.6 or later.
The NOWIREEXTENSIONATPIN statement will be ignored. See file /home/kelvin/.ciel/ciel/sky130/versions/0fe599b2afb6708d281543108caf8310912f54af/sky130A/libs.ref/sky130_fd_sc_hd/lef/sky130_ef_sc_hd.lef at line 2.

[INFO ODB-0227] LEF file: /home/kelvin/.ciel/ciel/sky130/versions/0fe599b2afb6708d281543108caf8310912f54af/sky130A/libs.ref/sky130_fd_sc_hd/lef/sky130_ef_sc_hd.lef, created 4 library cells
Reading top-level netlist at '/home/kelvin/FABulous_fork.worktrees/gds-flow/demo/Tile/LUT4AB/macro/runs/RUN_2025-09-18_23-53-55/06-yosys-synthesis/LUT4AB.nl.v'…
Linking design 'LUT4AB' from netlist…
Reading design constraints file at '/nix/store/381vlqh72qv21j2s2ssfql1j0vg3f44v-FABulous-env/lib/python3.12/site-packages/librelane/scripts/base.sdc'…
[WARNING STA-0366] port '__VIRTUAL_CLK__' not found.
[INFO] Using clock __VIRTUAL_CLK__…
[INFO] Setting output delay to: 2
[INFO] Setting input delay to: 2
[WARNING STA-0366] port '__VIRTUAL_CLK__' not found.
[INFO] Setting load to: 0.033442
[INFO] Setting clock uncertainty to: 0.25
[INFO] Setting clock transition to: 0.1499999999999999944488848768742172978818416595458984375
[WARNING STA-0419] transition time can not be specified for virtual clocks.
[INFO] Setting timing derate to: 5%
[WARNING STA-0450] virtual clock __VIRTUAL_CLK__ can not be propagated.
Using site height: 2.72 and site width: 0.46…
[INFO] Using absolute sizing for the floorplan.
[INFO] Using the set CORE_AREA; ignoring core margin parameters
[WARNING IFP-0028] Core area lower left (5.000, 5.000) snapped to (5.060, 5.440).
[INFO IFP-0001] Added 88 rows of 521 site unithd.
[INFO IFP-0030] Inserted 0 tiecells using sky130_fd_sc_hd__conb_1/LO.
[INFO IFP-0030] Inserted 0 tiecells using sky130_fd_sc_hd__conb_1/HI.
[INFO] Extracting DIE_AREA and CORE_AREA from the floorplan
[INFO] Floorplanned on a die area of 0.0 0.0 250.0 250.0 (µm).
[INFO] Floorplanned on a core area of 5.06 5.44 244.72 244.8 (µm).
Writing metric design__die__bbox: 0.0 0.0 250.0 250.0
Writing metric design__core__bbox: 5.06 5.44 244.72 244.8
Setting global connections for newly added cells…
[INFO] Setting global connections...
Updating metrics…
Cell type report:                       Count       Area
  Buffer                                  253    1266.21
  Inverter                                 61     228.97
  Sequential cell                         624    9419.03
  Multi-Input combinational cell          725   10747.81
  Total                                  1663   21662.03
Writing OpenROAD database to '/home/kelvin/FABulous_fork.worktrees/gds-flow/demo/Tile/LUT4AB/macro/runs/RUN_2025-09-18_23-53-55/12-openroad-floorplan/LUT4AB.odb'…
Writing netlist to '/home/kelvin/FABulous_fork.worktrees/gds-flow/demo/Tile/LUT4AB/macro/runs/RUN_2025-09-18_23-53-55/12-openroad-floorplan/LUT4AB.nl.v'…
Writing powered netlist to '/home/kelvin/FABulous_fork.worktrees/gds-flow/demo/Tile/LUT4AB/macro/runs/RUN_2025-09-18_23-53-55/12-openroad-floorplan/LUT4AB.pnl.v'…
Writing layout to '/home/kelvin/FABulous_fork.worktrees/gds-flow/demo/Tile/LUT4AB/macro/runs/RUN_2025-09-18_23-53-55/12-openroad-floorplan/LUT4AB.def'…
Writing timing constraints to '/home/kelvin/FABulous_fork.worktrees/gds-flow/demo/Tile/LUT4AB/macro/runs/RUN_2025-09-18_23-53-55/12-openroad-floorplan/LUT4AB.sdc'…
